{"total": {"lines":{"total":4261,"covered":3359,"skipped":0,"pct":78.83},"statements":{"total":4655,"covered":3669,"skipped":0,"pct":78.81},"functions":{"total":705,"covered":587,"skipped":0,"pct":83.26},"branches":{"total":1548,"covered":918,"skipped":0,"pct":59.3},"branchesTrue":{"total":0,"covered":0,"skipped":0,"pct":100}}
,"/home/runner/work/micro-stacks/micro-stacks/src/bip32.ts": {"lines":{"total":1,"covered":1,"skipped":0,"pct":100},"functions":{"total":0,"covered":0,"skipped":0,"pct":100},"statements":{"total":1,"covered":1,"skipped":0,"pct":100},"branches":{"total":0,"covered":0,"skipped":0,"pct":100}}
,"/home/runner/work/micro-stacks/micro-stacks/src/bip39.ts": {"lines":{"total":10,"covered":5,"skipped":0,"pct":50},"functions":{"total":0,"covered":0,"skipped":0,"pct":100},"statements":{"total":10,"covered":5,"skipped":0,"pct":50},"branches":{"total":0,"covered":0,"skipped":0,"pct":100}}
,"/home/runner/work/micro-stacks/micro-stacks/src/crypto.ts": {"lines":{"total":4,"covered":3,"skipped":0,"pct":75},"functions":{"total":0,"covered":0,"skipped":0,"pct":100},"statements":{"total":4,"covered":3,"skipped":0,"pct":75},"branches":{"total":0,"covered":0,"skipped":0,"pct":100}}
,"/home/runner/work/micro-stacks/micro-stacks/src/api/utils.ts": {"lines":{"total":106,"covered":79,"skipped":0,"pct":74.52},"functions":{"total":38,"covered":29,"skipped":0,"pct":76.31},"statements":{"total":115,"covered":85,"skipped":0,"pct":73.91},"branches":{"total":31,"covered":5,"skipped":0,"pct":16.12}}
,"/home/runner/work/micro-stacks/micro-stacks/src/api/blocks/fetchers.ts": {"lines":{"total":16,"covered":16,"skipped":0,"pct":100},"functions":{"total":5,"covered":5,"skipped":0,"pct":100},"statements":{"total":16,"covered":16,"skipped":0,"pct":100},"branches":{"total":0,"covered":0,"skipped":0,"pct":100}}
,"/home/runner/work/micro-stacks/micro-stacks/src/api/bns/fetchers.ts": {"lines":{"total":37,"covered":37,"skipped":0,"pct":100},"functions":{"total":12,"covered":12,"skipped":0,"pct":100},"statements":{"total":37,"covered":37,"skipped":0,"pct":100},"branches":{"total":0,"covered":0,"skipped":0,"pct":100}}
,"/home/runner/work/micro-stacks/micro-stacks/src/api/burnchain/fetchers.ts": {"lines":{"total":16,"covered":16,"skipped":0,"pct":100},"functions":{"total":5,"covered":5,"skipped":0,"pct":100},"statements":{"total":16,"covered":16,"skipped":0,"pct":100},"branches":{"total":0,"covered":0,"skipped":0,"pct":100}}
,"/home/runner/work/micro-stacks/micro-stacks/src/api/faucets/fetchers.ts": {"lines":{"total":9,"covered":9,"skipped":0,"pct":100},"functions":{"total":2,"covered":2,"skipped":0,"pct":100},"statements":{"total":9,"covered":9,"skipped":0,"pct":100},"branches":{"total":1,"covered":1,"skipped":0,"pct":100}}
,"/home/runner/work/micro-stacks/micro-stacks/src/api/feerate/fetchers.ts": {"lines":{"total":5,"covered":5,"skipped":0,"pct":100},"functions":{"total":1,"covered":1,"skipped":0,"pct":100},"statements":{"total":5,"covered":5,"skipped":0,"pct":100},"branches":{"total":0,"covered":0,"skipped":0,"pct":100}}
,"/home/runner/work/micro-stacks/micro-stacks/src/api/fees/fetchers.ts": {"lines":{"total":4,"covered":4,"skipped":0,"pct":100},"functions":{"total":1,"covered":1,"skipped":0,"pct":100},"statements":{"total":4,"covered":4,"skipped":0,"pct":100},"branches":{"total":0,"covered":0,"skipped":0,"pct":100}}
,"/home/runner/work/micro-stacks/micro-stacks/src/api/info/fetchers.ts": {"lines":{"total":28,"covered":28,"skipped":0,"pct":100},"functions":{"total":9,"covered":9,"skipped":0,"pct":100},"statements":{"total":28,"covered":28,"skipped":0,"pct":100},"branches":{"total":0,"covered":0,"skipped":0,"pct":100}}
,"/home/runner/work/micro-stacks/micro-stacks/src/api/microblocks/fetchers.ts": {"lines":{"total":10,"covered":10,"skipped":0,"pct":100},"functions":{"total":3,"covered":3,"skipped":0,"pct":100},"statements":{"total":10,"covered":10,"skipped":0,"pct":100},"branches":{"total":0,"covered":0,"skipped":0,"pct":100}}
,"/home/runner/work/micro-stacks/micro-stacks/src/api/search/fetchers.ts": {"lines":{"total":4,"covered":4,"skipped":0,"pct":100},"functions":{"total":1,"covered":1,"skipped":0,"pct":100},"statements":{"total":4,"covered":4,"skipped":0,"pct":100},"branches":{"total":0,"covered":0,"skipped":0,"pct":100}}
,"/home/runner/work/micro-stacks/micro-stacks/src/api/smartcontracts/fetchers.ts": {"lines":{"total":23,"covered":22,"skipped":0,"pct":95.65},"functions":{"total":7,"covered":6,"skipped":0,"pct":85.71},"statements":{"total":23,"covered":22,"skipped":0,"pct":95.65},"branches":{"total":0,"covered":0,"skipped":0,"pct":100}}
,"/home/runner/work/micro-stacks/micro-stacks/src/api/tokens/fetchers.ts": {"lines":{"total":13,"covered":13,"skipped":0,"pct":100},"functions":{"total":4,"covered":4,"skipped":0,"pct":100},"statements":{"total":13,"covered":13,"skipped":0,"pct":100},"branches":{"total":0,"covered":0,"skipped":0,"pct":100}}
,"/home/runner/work/micro-stacks/micro-stacks/src/bip32/constants.ts": {"lines":{"total":3,"covered":3,"skipped":0,"pct":100},"functions":{"total":0,"covered":0,"skipped":0,"pct":100},"statements":{"total":6,"covered":6,"skipped":0,"pct":100},"branches":{"total":0,"covered":0,"skipped":0,"pct":100}}
,"/home/runner/work/micro-stacks/micro-stacks/src/bip32/index.ts": {"lines":{"total":103,"covered":102,"skipped":0,"pct":99.02},"functions":{"total":10,"covered":10,"skipped":0,"pct":100},"statements":{"total":133,"covered":123,"skipped":0,"pct":92.48},"branches":{"total":47,"covered":36,"skipped":0,"pct":76.59}}
,"/home/runner/work/micro-stacks/micro-stacks/src/bip32/utils.ts": {"lines":{"total":20,"covered":20,"skipped":0,"pct":100},"functions":{"total":6,"covered":6,"skipped":0,"pct":100},"statements":{"total":21,"covered":20,"skipped":0,"pct":95.23},"branches":{"total":6,"covered":5,"skipped":0,"pct":83.33}}
,"/home/runner/work/micro-stacks/micro-stacks/src/bip39/index.ts": {"lines":{"total":72,"covered":72,"skipped":0,"pct":100},"functions":{"total":16,"covered":16,"skipped":0,"pct":100},"statements":{"total":84,"covered":79,"skipped":0,"pct":94.04},"branches":{"total":17,"covered":13,"skipped":0,"pct":76.47}}
,"/home/runner/work/micro-stacks/micro-stacks/src/bip39/wordlist.ts": {"lines":{"total":1,"covered":1,"skipped":0,"pct":100},"functions":{"total":0,"covered":0,"skipped":0,"pct":100},"statements":{"total":2,"covered":2,"skipped":0,"pct":100},"branches":{"total":0,"covered":0,"skipped":0,"pct":100}}
,"/home/runner/work/micro-stacks/micro-stacks/src/clarity/abi.ts": {"lines":{"total":1,"covered":1,"skipped":0,"pct":100},"functions":{"total":1,"covered":1,"skipped":0,"pct":100},"statements":{"total":13,"covered":13,"skipped":0,"pct":100},"branches":{"total":1,"covered":1,"skipped":0,"pct":100}}
,"/home/runner/work/micro-stacks/micro-stacks/src/clarity/deserialize.ts": {"lines":{"total":56,"covered":53,"skipped":0,"pct":94.64},"functions":{"total":2,"covered":1,"skipped":0,"pct":50},"statements":{"total":58,"covered":55,"skipped":0,"pct":94.82},"branches":{"total":22,"covered":20,"skipped":0,"pct":90.9}}
,"/home/runner/work/micro-stacks/micro-stacks/src/clarity/serialize.ts": {"lines":{"total":72,"covered":71,"skipped":0,"pct":98.61},"functions":{"total":16,"covered":16,"skipped":0,"pct":100},"statements":{"total":73,"covered":72,"skipped":0,"pct":98.63},"branches":{"total":19,"covered":19,"skipped":0,"pct":100}}
,"/home/runner/work/micro-stacks/micro-stacks/src/clarity/clarity-value/cv-to-json.ts": {"lines":{"total":8,"covered":8,"skipped":0,"pct":100},"functions":{"total":1,"covered":1,"skipped":0,"pct":100},"statements":{"total":8,"covered":8,"skipped":0,"pct":100},"branches":{"total":2,"covered":2,"skipped":0,"pct":100}}
,"/home/runner/work/micro-stacks/micro-stacks/src/clarity/clarity-value/cv-to-string.ts": {"lines":{"total":23,"covered":20,"skipped":0,"pct":86.95},"functions":{"total":3,"covered":3,"skipped":0,"pct":100},"statements":{"total":24,"covered":21,"skipped":0,"pct":87.5},"branches":{"total":18,"covered":16,"skipped":0,"pct":88.88}}
,"/home/runner/work/micro-stacks/micro-stacks/src/clarity/clarity-value/cv-to-value.ts": {"lines":{"total":24,"covered":23,"skipped":0,"pct":95.83},"functions":{"total":4,"covered":4,"skipped":0,"pct":100},"statements":{"total":25,"covered":24,"skipped":0,"pct":96},"branches":{"total":16,"covered":15,"skipped":0,"pct":93.75}}
,"/home/runner/work/micro-stacks/micro-stacks/src/clarity/clarity-value/get-cv-type-string.ts": {"lines":{"total":17,"covered":17,"skipped":0,"pct":100},"functions":{"total":2,"covered":2,"skipped":0,"pct":100},"statements":{"total":17,"covered":17,"skipped":0,"pct":100},"branches":{"total":17,"covered":17,"skipped":0,"pct":100}}
,"/home/runner/work/micro-stacks/micro-stacks/src/clarity/clarity-value/hex.ts": {"lines":{"total":7,"covered":7,"skipped":0,"pct":100},"functions":{"total":2,"covered":2,"skipped":0,"pct":100},"statements":{"total":7,"covered":7,"skipped":0,"pct":100},"branches":{"total":0,"covered":0,"skipped":0,"pct":100}}
,"/home/runner/work/micro-stacks/micro-stacks/src/clarity/common/constants.ts": {"lines":{"total":9,"covered":9,"skipped":0,"pct":100},"functions":{"total":2,"covered":2,"skipped":0,"pct":100},"statements":{"total":32,"covered":32,"skipped":0,"pct":100},"branches":{"total":2,"covered":2,"skipped":0,"pct":100}}
,"/home/runner/work/micro-stacks/micro-stacks/src/clarity/common/utils.ts": {"lines":{"total":41,"covered":41,"skipped":0,"pct":100},"functions":{"total":10,"covered":10,"skipped":0,"pct":100},"statements":{"total":52,"covered":52,"skipped":0,"pct":100},"branches":{"total":16,"covered":15,"skipped":0,"pct":93.75}}
,"/home/runner/work/micro-stacks/micro-stacks/src/clarity/types/booleanCV.ts": {"lines":{"total":3,"covered":3,"skipped":0,"pct":100},"functions":{"total":2,"covered":2,"skipped":0,"pct":100},"statements":{"total":7,"covered":7,"skipped":0,"pct":100},"branches":{"total":0,"covered":0,"skipped":0,"pct":100}}
,"/home/runner/work/micro-stacks/micro-stacks/src/clarity/types/bufferCV.ts": {"lines":{"total":7,"covered":6,"skipped":0,"pct":85.71},"functions":{"total":2,"covered":2,"skipped":0,"pct":100},"statements":{"total":10,"covered":9,"skipped":0,"pct":90},"branches":{"total":1,"covered":0,"skipped":0,"pct":0}}
,"/home/runner/work/micro-stacks/micro-stacks/src/clarity/types/intCV.ts": {"lines":{"total":23,"covered":18,"skipped":0,"pct":78.26},"functions":{"total":2,"covered":2,"skipped":0,"pct":100},"statements":{"total":24,"covered":19,"skipped":0,"pct":79.16},"branches":{"total":8,"covered":3,"skipped":0,"pct":37.5}}
,"/home/runner/work/micro-stacks/micro-stacks/src/clarity/types/listCV.ts": {"lines":{"total":3,"covered":3,"skipped":0,"pct":100},"functions":{"total":1,"covered":1,"skipped":0,"pct":100},"statements":{"total":3,"covered":3,"skipped":0,"pct":100},"branches":{"total":0,"covered":0,"skipped":0,"pct":100}}
,"/home/runner/work/micro-stacks/micro-stacks/src/clarity/types/optionalCV.ts": {"lines":{"total":7,"covered":4,"skipped":0,"pct":57.14},"functions":{"total":3,"covered":2,"skipped":0,"pct":66.66},"statements":{"total":9,"covered":6,"skipped":0,"pct":66.66},"branches":{"total":2,"covered":0,"skipped":0,"pct":0}}
,"/home/runner/work/micro-stacks/micro-stacks/src/clarity/types/principalCV.ts": {"lines":{"total":31,"covered":29,"skipped":0,"pct":93.54},"functions":{"total":7,"covered":7,"skipped":0,"pct":100},"statements":{"total":31,"covered":29,"skipped":0,"pct":93.54},"branches":{"total":7,"covered":5,"skipped":0,"pct":71.42}}
,"/home/runner/work/micro-stacks/micro-stacks/src/clarity/types/responseCV.ts": {"lines":{"total":4,"covered":4,"skipped":0,"pct":100},"functions":{"total":2,"covered":2,"skipped":0,"pct":100},"statements":{"total":5,"covered":5,"skipped":0,"pct":100},"branches":{"total":0,"covered":0,"skipped":0,"pct":100}}
,"/home/runner/work/micro-stacks/micro-stacks/src/clarity/types/stringCV.ts": {"lines":{"total":9,"covered":7,"skipped":0,"pct":77.77},"functions":{"total":3,"covered":2,"skipped":0,"pct":66.66},"statements":{"total":11,"covered":9,"skipped":0,"pct":81.81},"branches":{"total":2,"covered":0,"skipped":0,"pct":0}}
,"/home/runner/work/micro-stacks/micro-stacks/src/clarity/types/tupleCV.ts": {"lines":{"total":7,"covered":6,"skipped":0,"pct":85.71},"functions":{"total":1,"covered":1,"skipped":0,"pct":100},"statements":{"total":7,"covered":6,"skipped":0,"pct":85.71},"branches":{"total":1,"covered":0,"skipped":0,"pct":0}}
,"/home/runner/work/micro-stacks/micro-stacks/src/common/clone-deep.ts": {"lines":{"total":21,"covered":19,"skipped":0,"pct":90.47},"functions":{"total":5,"covered":5,"skipped":0,"pct":100},"statements":{"total":21,"covered":19,"skipped":0,"pct":90.47},"branches":{"total":12,"covered":10,"skipped":0,"pct":83.33}}
,"/home/runner/work/micro-stacks/micro-stacks/src/common/constants.ts": {"lines":{"total":3,"covered":3,"skipped":0,"pct":100},"functions":{"total":2,"covered":2,"skipped":0,"pct":100},"statements":{"total":6,"covered":6,"skipped":0,"pct":100},"branches":{"total":2,"covered":2,"skipped":0,"pct":100}}
,"/home/runner/work/micro-stacks/micro-stacks/src/common/encoding-ascii.ts": {"lines":{"total":11,"covered":11,"skipped":0,"pct":100},"functions":{"total":2,"covered":2,"skipped":0,"pct":100},"statements":{"total":13,"covered":13,"skipped":0,"pct":100},"branches":{"total":0,"covered":0,"skipped":0,"pct":100}}
,"/home/runner/work/micro-stacks/micro-stacks/src/common/encoding-base58.ts": {"lines":{"total":39,"covered":35,"skipped":0,"pct":89.74},"functions":{"total":3,"covered":2,"skipped":0,"pct":66.66},"statements":{"total":46,"covered":40,"skipped":0,"pct":86.95},"branches":{"total":8,"covered":2,"skipped":0,"pct":25}}
,"/home/runner/work/micro-stacks/micro-stacks/src/common/encoding-base64.ts": {"lines":{"total":85,"covered":78,"skipped":0,"pct":91.76},"functions":{"total":13,"covered":10,"skipped":0,"pct":76.92},"statements":{"total":92,"covered":85,"skipped":0,"pct":92.39},"branches":{"total":15,"covered":13,"skipped":0,"pct":86.66}}
,"/home/runner/work/micro-stacks/micro-stacks/src/common/encoding-hex.ts": {"lines":{"total":36,"covered":31,"skipped":0,"pct":86.11},"functions":{"total":9,"covered":7,"skipped":0,"pct":77.77},"statements":{"total":48,"covered":41,"skipped":0,"pct":85.41},"branches":{"total":11,"covered":4,"skipped":0,"pct":36.36}}
,"/home/runner/work/micro-stacks/micro-stacks/src/common/encoding-utf8.ts": {"lines":{"total":4,"covered":4,"skipped":0,"pct":100},"functions":{"total":2,"covered":2,"skipped":0,"pct":100},"statements":{"total":4,"covered":4,"skipped":0,"pct":100},"branches":{"total":0,"covered":0,"skipped":0,"pct":100}}
,"/home/runner/work/micro-stacks/micro-stacks/src/common/errors.ts": {"lines":{"total":45,"covered":12,"skipped":0,"pct":26.66},"functions":{"total":9,"covered":2,"skipped":0,"pct":22.22},"statements":{"total":45,"covered":12,"skipped":0,"pct":26.66},"branches":{"total":6,"covered":0,"skipped":0,"pct":0}}
,"/home/runner/work/micro-stacks/micro-stacks/src/common/fetch-private.ts": {"lines":{"total":4,"covered":4,"skipped":0,"pct":100},"functions":{"total":1,"covered":1,"skipped":0,"pct":100},"statements":{"total":4,"covered":4,"skipped":0,"pct":100},"branches":{"total":3,"covered":3,"skipped":0,"pct":100}}
,"/home/runner/work/micro-stacks/micro-stacks/src/common/index.ts": {"lines":{"total":35,"covered":21,"skipped":0,"pct":60},"functions":{"total":6,"covered":4,"skipped":0,"pct":66.66},"statements":{"total":38,"covered":24,"skipped":0,"pct":63.15},"branches":{"total":10,"covered":3,"skipped":0,"pct":30}}
,"/home/runner/work/micro-stacks/micro-stacks/src/common/ints.ts": {"lines":{"total":31,"covered":31,"skipped":0,"pct":100},"functions":{"total":4,"covered":4,"skipped":0,"pct":100},"statements":{"total":33,"covered":33,"skipped":0,"pct":100},"branches":{"total":16,"covered":16,"skipped":0,"pct":100}}
,"/home/runner/work/micro-stacks/micro-stacks/src/common/is-bn.ts": {"lines":{"total":3,"covered":3,"skipped":0,"pct":100},"functions":{"total":1,"covered":1,"skipped":0,"pct":100},"statements":{"total":3,"covered":3,"skipped":0,"pct":100},"branches":{"total":16,"covered":13,"skipped":0,"pct":81.25}}
,"/home/runner/work/micro-stacks/micro-stacks/src/common/twos-complement.ts": {"lines":{"total":8,"covered":7,"skipped":0,"pct":87.5},"functions":{"total":2,"covered":2,"skipped":0,"pct":100},"statements":{"total":10,"covered":8,"skipped":0,"pct":80},"branches":{"total":5,"covered":3,"skipped":0,"pct":60}}
,"/home/runner/work/micro-stacks/micro-stacks/src/common/buffer/buffer-array.ts": {"lines":{"total":10,"covered":9,"skipped":0,"pct":90},"functions":{"total":5,"covered":5,"skipped":0,"pct":100},"statements":{"total":11,"covered":10,"skipped":0,"pct":90.9},"branches":{"total":4,"covered":3,"skipped":0,"pct":75}}
,"/home/runner/work/micro-stacks/micro-stacks/src/common/buffer/buffer-constants.ts": {"lines":{"total":1,"covered":1,"skipped":0,"pct":100},"functions":{"total":0,"covered":0,"skipped":0,"pct":100},"statements":{"total":2,"covered":2,"skipped":0,"pct":100},"branches":{"total":0,"covered":0,"skipped":0,"pct":100}}
,"/home/runner/work/micro-stacks/micro-stacks/src/common/buffer/buffer-reader.ts": {"lines":{"total":44,"covered":27,"skipped":0,"pct":61.36},"functions":{"total":14,"covered":8,"skipped":0,"pct":57.14},"statements":{"total":46,"covered":29,"skipped":0,"pct":63.04},"branches":{"total":14,"covered":9,"skipped":0,"pct":64.28}}
,"/home/runner/work/micro-stacks/micro-stacks/src/common/buffer/buffer-utils.ts": {"lines":{"total":84,"covered":57,"skipped":0,"pct":67.85},"functions":{"total":18,"covered":13,"skipped":0,"pct":72.22},"statements":{"total":89,"covered":61,"skipped":0,"pct":68.53},"branches":{"total":30,"covered":20,"skipped":0,"pct":66.66}}
,"/home/runner/work/micro-stacks/micro-stacks/src/common/buffer/copy.ts": {"lines":{"total":20,"covered":17,"skipped":0,"pct":85},"functions":{"total":1,"covered":1,"skipped":0,"pct":100},"statements":{"total":30,"covered":19,"skipped":0,"pct":63.33},"branches":{"total":24,"covered":12,"skipped":0,"pct":50}}
,"/home/runner/work/micro-stacks/micro-stacks/src/connect/tx/contract-call.ts": {"lines":{"total":9,"covered":9,"skipped":0,"pct":100},"functions":{"total":2,"covered":2,"skipped":0,"pct":100},"statements":{"total":10,"covered":10,"skipped":0,"pct":100},"branches":{"total":2,"covered":1,"skipped":0,"pct":50}}
,"/home/runner/work/micro-stacks/micro-stacks/src/connect/tx/shared.ts": {"lines":{"total":4,"covered":3,"skipped":0,"pct":75},"functions":{"total":2,"covered":1,"skipped":0,"pct":50},"statements":{"total":4,"covered":3,"skipped":0,"pct":75},"branches":{"total":5,"covered":3,"skipped":0,"pct":60}}
,"/home/runner/work/micro-stacks/micro-stacks/src/connect/tx/sign.ts": {"lines":{"total":4,"covered":4,"skipped":0,"pct":100},"functions":{"total":1,"covered":1,"skipped":0,"pct":100},"statements":{"total":5,"covered":5,"skipped":0,"pct":100},"branches":{"total":0,"covered":0,"skipped":0,"pct":100}}
,"/home/runner/work/micro-stacks/micro-stacks/src/connect/tx/types.ts": {"lines":{"total":1,"covered":1,"skipped":0,"pct":100},"functions":{"total":1,"covered":1,"skipped":0,"pct":100},"statements":{"total":3,"covered":3,"skipped":0,"pct":100},"branches":{"total":1,"covered":1,"skipped":0,"pct":100}}
,"/home/runner/work/micro-stacks/micro-stacks/src/crypto/public-key.ts": {"lines":{"total":11,"covered":11,"skipped":0,"pct":100},"functions":{"total":4,"covered":4,"skipped":0,"pct":100},"statements":{"total":17,"covered":17,"skipped":0,"pct":100},"branches":{"total":7,"covered":5,"skipped":0,"pct":71.42}}
,"/home/runner/work/micro-stacks/micro-stacks/src/crypto-extras/crypto-aes/create-cipher.ts": {"lines":{"total":8,"covered":7,"skipped":0,"pct":87.5},"functions":{"total":1,"covered":1,"skipped":0,"pct":100},"statements":{"total":8,"covered":7,"skipped":0,"pct":87.5},"branches":{"total":2,"covered":1,"skipped":0,"pct":50}}
,"/home/runner/work/micro-stacks/micro-stacks/src/crypto-extras/crypto-aes/get-crypto.ts": {"lines":{"total":24,"covered":10,"skipped":0,"pct":41.66},"functions":{"total":3,"covered":2,"skipped":0,"pct":66.66},"statements":{"total":24,"covered":10,"skipped":0,"pct":41.66},"branches":{"total":7,"covered":2,"skipped":0,"pct":28.57}}
,"/home/runner/work/micro-stacks/micro-stacks/src/crypto-extras/crypto-aes/index.ts": {"lines":{"total":13,"covered":13,"skipped":0,"pct":100},"functions":{"total":4,"covered":4,"skipped":0,"pct":100},"statements":{"total":13,"covered":13,"skipped":0,"pct":100},"branches":{"total":0,"covered":0,"skipped":0,"pct":100}}
,"/home/runner/work/micro-stacks/micro-stacks/src/crypto-extras/crypto-aes/node.ts": {"lines":{"total":14,"covered":12,"skipped":0,"pct":85.71},"functions":{"total":3,"covered":3,"skipped":0,"pct":100},"statements":{"total":14,"covered":12,"skipped":0,"pct":85.71},"branches":{"total":6,"covered":4,"skipped":0,"pct":66.66}}
,"/home/runner/work/micro-stacks/micro-stacks/src/crypto-extras/crypto-aes/web.ts": {"lines":{"total":22,"covered":1,"skipped":0,"pct":4.54},"functions":{"total":3,"covered":0,"skipped":0,"pct":0},"statements":{"total":22,"covered":1,"skipped":0,"pct":4.54},"branches":{"total":8,"covered":0,"skipped":0,"pct":0}}
,"/home/runner/work/micro-stacks/micro-stacks/src/crypto-extras/crypto-hmac-sha/hmac-sha256.ts": {"lines":{"total":7,"covered":7,"skipped":0,"pct":100},"functions":{"total":1,"covered":1,"skipped":0,"pct":100},"statements":{"total":8,"covered":8,"skipped":0,"pct":100},"branches":{"total":0,"covered":0,"skipped":0,"pct":100}}
,"/home/runner/work/micro-stacks/micro-stacks/src/crypto-extras/crypto-hmac-sha/hmac-sha512.ts": {"lines":{"total":7,"covered":7,"skipped":0,"pct":100},"functions":{"total":1,"covered":1,"skipped":0,"pct":100},"statements":{"total":8,"covered":8,"skipped":0,"pct":100},"branches":{"total":0,"covered":0,"skipped":0,"pct":100}}
,"/home/runner/work/micro-stacks/micro-stacks/src/crypto-extras/crypto-pbkdf2/index.ts": {"lines":{"total":13,"covered":11,"skipped":0,"pct":84.61},"functions":{"total":2,"covered":1,"skipped":0,"pct":50},"statements":{"total":14,"covered":11,"skipped":0,"pct":78.57},"branches":{"total":2,"covered":0,"skipped":0,"pct":0}}
,"/home/runner/work/micro-stacks/micro-stacks/src/crypto-extras/crypto-pbkdf2/node.ts": {"lines":{"total":8,"covered":7,"skipped":0,"pct":87.5},"functions":{"total":4,"covered":4,"skipped":0,"pct":100},"statements":{"total":9,"covered":7,"skipped":0,"pct":77.77},"branches":{"total":4,"covered":1,"skipped":0,"pct":25}}
,"/home/runner/work/micro-stacks/micro-stacks/src/crypto-extras/crypto-pbkdf2/web.ts": {"lines":{"total":11,"covered":2,"skipped":0,"pct":18.18},"functions":{"total":2,"covered":0,"skipped":0,"pct":0},"statements":{"total":11,"covered":2,"skipped":0,"pct":18.18},"branches":{"total":4,"covered":0,"skipped":0,"pct":0}}
,"/home/runner/work/micro-stacks/micro-stacks/src/crypto-extras/crypto-sha/sha256.ts": {"lines":{"total":4,"covered":4,"skipped":0,"pct":100},"functions":{"total":1,"covered":1,"skipped":0,"pct":100},"statements":{"total":4,"covered":4,"skipped":0,"pct":100},"branches":{"total":0,"covered":0,"skipped":0,"pct":100}}
,"/home/runner/work/micro-stacks/micro-stacks/src/crypto-extras/crypto-sha/sha512.ts": {"lines":{"total":4,"covered":4,"skipped":0,"pct":100},"functions":{"total":1,"covered":1,"skipped":0,"pct":100},"statements":{"total":4,"covered":4,"skipped":0,"pct":100},"branches":{"total":0,"covered":0,"skipped":0,"pct":100}}
,"/home/runner/work/micro-stacks/micro-stacks/src/crypto-extras/crypto-sha/sha512_256.ts": {"lines":{"total":4,"covered":4,"skipped":0,"pct":100},"functions":{"total":1,"covered":1,"skipped":0,"pct":100},"statements":{"total":4,"covered":4,"skipped":0,"pct":100},"branches":{"total":0,"covered":0,"skipped":0,"pct":100}}
,"/home/runner/work/micro-stacks/micro-stacks/src/crypto/base58/addresses.ts": {"lines":{"total":37,"covered":37,"skipped":0,"pct":100},"functions":{"total":8,"covered":8,"skipped":0,"pct":100},"statements":{"total":39,"covered":39,"skipped":0,"pct":100},"branches":{"total":5,"covered":5,"skipped":0,"pct":100}}
,"/home/runner/work/micro-stacks/micro-stacks/src/crypto/base58/index.ts": {"lines":{"total":26,"covered":25,"skipped":0,"pct":96.15},"functions":{"total":2,"covered":2,"skipped":0,"pct":100},"statements":{"total":27,"covered":26,"skipped":0,"pct":96.29},"branches":{"total":1,"covered":0,"skipped":0,"pct":0}}
,"/home/runner/work/micro-stacks/micro-stacks/src/crypto/base58/networks.ts": {"lines":{"total":5,"covered":5,"skipped":0,"pct":100},"functions":{"total":1,"covered":1,"skipped":0,"pct":100},"statements":{"total":9,"covered":9,"skipped":0,"pct":100},"branches":{"total":1,"covered":1,"skipped":0,"pct":100}}
,"/home/runner/work/micro-stacks/micro-stacks/src/crypto/c32/index.ts": {"lines":{"total":122,"covered":113,"skipped":0,"pct":92.62},"functions":{"total":13,"covered":12,"skipped":0,"pct":92.3},"statements":{"total":134,"covered":125,"skipped":0,"pct":93.28},"branches":{"total":21,"covered":14,"skipped":0,"pct":66.66}}
,"/home/runner/work/micro-stacks/micro-stacks/src/crypto/common/ecies-utils.ts": {"lines":{"total":31,"covered":30,"skipped":0,"pct":96.77},"functions":{"total":5,"covered":5,"skipped":0,"pct":100},"statements":{"total":31,"covered":30,"skipped":0,"pct":96.77},"branches":{"total":9,"covered":8,"skipped":0,"pct":88.88}}
,"/home/runner/work/micro-stacks/micro-stacks/src/crypto/common/random-bytes.ts": {"lines":{"total":3,"covered":3,"skipped":0,"pct":100},"functions":{"total":1,"covered":1,"skipped":0,"pct":100},"statements":{"total":3,"covered":3,"skipped":0,"pct":100},"branches":{"total":1,"covered":1,"skipped":0,"pct":100}}
,"/home/runner/work/micro-stacks/micro-stacks/src/crypto/common/shared-secret.ts": {"lines":{"total":4,"covered":4,"skipped":0,"pct":100},"functions":{"total":1,"covered":1,"skipped":0,"pct":100},"statements":{"total":4,"covered":4,"skipped":0,"pct":100},"branches":{"total":0,"covered":0,"skipped":0,"pct":100}}
,"/home/runner/work/micro-stacks/micro-stacks/src/crypto/encryption/decrypt-content.ts": {"lines":{"total":10,"covered":9,"skipped":0,"pct":90},"functions":{"total":1,"covered":1,"skipped":0,"pct":100},"statements":{"total":10,"covered":9,"skipped":0,"pct":90},"branches":{"total":2,"covered":2,"skipped":0,"pct":100}}
,"/home/runner/work/micro-stacks/micro-stacks/src/crypto/encryption/decrypt-ecies.ts": {"lines":{"total":34,"covered":32,"skipped":0,"pct":94.11},"functions":{"total":2,"covered":2,"skipped":0,"pct":100},"statements":{"total":36,"covered":34,"skipped":0,"pct":94.44},"branches":{"total":11,"covered":9,"skipped":0,"pct":81.81}}
,"/home/runner/work/micro-stacks/micro-stacks/src/crypto/encryption/encrypt-content.ts": {"lines":{"total":18,"covered":18,"skipped":0,"pct":100},"functions":{"total":1,"covered":1,"skipped":0,"pct":100},"statements":{"total":24,"covered":22,"skipped":0,"pct":91.66},"branches":{"total":13,"covered":11,"skipped":0,"pct":84.61}}
,"/home/runner/work/micro-stacks/micro-stacks/src/crypto/encryption/encrypt-ecies.ts": {"lines":{"total":25,"covered":24,"skipped":0,"pct":96},"functions":{"total":1,"covered":1,"skipped":0,"pct":100},"statements":{"total":26,"covered":25,"skipped":0,"pct":96.15},"branches":{"total":9,"covered":8,"skipped":0,"pct":88.88}}
,"/home/runner/work/micro-stacks/micro-stacks/src/crypto/encryption/sign.ts": {"lines":{"total":15,"covered":15,"skipped":0,"pct":100},"functions":{"total":2,"covered":2,"skipped":0,"pct":100},"statements":{"total":15,"covered":15,"skipped":0,"pct":100},"branches":{"total":8,"covered":6,"skipped":0,"pct":75}}
,"/home/runner/work/micro-stacks/micro-stacks/src/crypto/ripemd160/hashRipemd160.ts": {"lines":{"total":8,"covered":8,"skipped":0,"pct":100},"functions":{"total":3,"covered":3,"skipped":0,"pct":100},"statements":{"total":8,"covered":8,"skipped":0,"pct":100},"branches":{"total":0,"covered":0,"skipped":0,"pct":100}}
,"/home/runner/work/micro-stacks/micro-stacks/src/crypto/ripemd160/ripemd160-minimal.ts": {"lines":{"total":6,"covered":5,"skipped":0,"pct":83.33},"functions":{"total":1,"covered":1,"skipped":0,"pct":100},"statements":{"total":6,"covered":5,"skipped":0,"pct":83.33},"branches":{"total":2,"covered":1,"skipped":0,"pct":50}}
,"/home/runner/work/micro-stacks/micro-stacks/src/crypto/token-signer/create-signing-input.ts": {"lines":{"total":7,"covered":7,"skipped":0,"pct":100},"functions":{"total":1,"covered":1,"skipped":0,"pct":100},"statements":{"total":9,"covered":9,"skipped":0,"pct":100},"branches":{"total":0,"covered":0,"skipped":0,"pct":100}}
,"/home/runner/work/micro-stacks/micro-stacks/src/crypto/token-signer/create-unsecured-token.ts": {"lines":{"total":4,"covered":4,"skipped":0,"pct":100},"functions":{"total":1,"covered":1,"skipped":0,"pct":100},"statements":{"total":4,"covered":4,"skipped":0,"pct":100},"branches":{"total":0,"covered":0,"skipped":0,"pct":100}}
,"/home/runner/work/micro-stacks/micro-stacks/src/crypto/token-signer/decode-token.ts": {"lines":{"total":19,"covered":19,"skipped":0,"pct":100},"functions":{"total":2,"covered":2,"skipped":0,"pct":100},"statements":{"total":19,"covered":19,"skipped":0,"pct":100},"branches":{"total":5,"covered":5,"skipped":0,"pct":100}}
,"/home/runner/work/micro-stacks/micro-stacks/src/crypto/token-signer/ecdsa-sig-formatter.ts": {"lines":{"total":87,"covered":80,"skipped":0,"pct":91.95},"functions":{"total":4,"covered":4,"skipped":0,"pct":100},"statements":{"total":90,"covered":83,"skipped":0,"pct":92.22},"branches":{"total":23,"covered":19,"skipped":0,"pct":82.6}}
,"/home/runner/work/micro-stacks/micro-stacks/src/crypto/token-signer/token-signer.ts": {"lines":{"total":23,"covered":23,"skipped":0,"pct":100},"functions":{"total":4,"covered":4,"skipped":0,"pct":100},"statements":{"total":23,"covered":23,"skipped":0,"pct":100},"branches":{"total":7,"covered":5,"skipped":0,"pct":71.42}}
,"/home/runner/work/micro-stacks/micro-stacks/src/crypto/token-signer/token-verifier.ts": {"lines":{"total":32,"covered":30,"skipped":0,"pct":93.75},"functions":{"total":7,"covered":7,"skipped":0,"pct":100},"statements":{"total":32,"covered":30,"skipped":0,"pct":93.75},"branches":{"total":5,"covered":3,"skipped":0,"pct":60}}
,"/home/runner/work/micro-stacks/micro-stacks/src/crypto/token-signer/base64url/index.ts": {"lines":{"total":22,"covered":20,"skipped":0,"pct":90.9},"functions":{"total":5,"covered":5,"skipped":0,"pct":100},"statements":{"total":22,"covered":20,"skipped":0,"pct":90.9},"branches":{"total":4,"covered":2,"skipped":0,"pct":50}}
,"/home/runner/work/micro-stacks/micro-stacks/src/network/index.ts": {"lines":{"total":45,"covered":20,"skipped":0,"pct":44.44},"functions":{"total":18,"covered":7,"skipped":0,"pct":38.88},"statements":{"total":65,"covered":38,"skipped":0,"pct":58.46},"branches":{"total":14,"covered":5,"skipped":0,"pct":35.71}}
,"/home/runner/work/micro-stacks/micro-stacks/src/storage/lookup-profile.ts": {"lines":{"total":12,"covered":11,"skipped":0,"pct":91.66},"functions":{"total":1,"covered":1,"skipped":0,"pct":100},"statements":{"total":13,"covered":11,"skipped":0,"pct":84.61},"branches":{"total":6,"covered":3,"skipped":0,"pct":50}}
,"/home/runner/work/micro-stacks/micro-stacks/src/storage/put-file.ts": {"lines":{"total":61,"covered":35,"skipped":0,"pct":57.37},"functions":{"total":3,"covered":2,"skipped":0,"pct":66.66},"statements":{"total":61,"covered":35,"skipped":0,"pct":57.37},"branches":{"total":30,"covered":19,"skipped":0,"pct":63.33}}
,"/home/runner/work/micro-stacks/micro-stacks/src/storage/common/constants.ts": {"lines":{"total":2,"covered":2,"skipped":0,"pct":100},"functions":{"total":0,"covered":0,"skipped":0,"pct":100},"statements":{"total":4,"covered":4,"skipped":0,"pct":100},"branches":{"total":0,"covered":0,"skipped":0,"pct":100}}
,"/home/runner/work/micro-stacks/micro-stacks/src/storage/common/file-content-loader.ts": {"lines":{"total":65,"covered":41,"skipped":0,"pct":63.07},"functions":{"total":9,"covered":8,"skipped":0,"pct":88.88},"statements":{"total":66,"covered":42,"skipped":0,"pct":63.63},"branches":{"total":50,"covered":34,"skipped":0,"pct":68}}
,"/home/runner/work/micro-stacks/micro-stacks/src/storage/common/index.ts": {"lines":{"total":23,"covered":12,"skipped":0,"pct":52.17},"functions":{"total":2,"covered":2,"skipped":0,"pct":100},"statements":{"total":23,"covered":12,"skipped":0,"pct":52.17},"branches":{"total":11,"covered":2,"skipped":0,"pct":18.18}}
,"/home/runner/work/micro-stacks/micro-stacks/src/storage/delete/delete-file.ts": {"lines":{"total":7,"covered":7,"skipped":0,"pct":100},"functions":{"total":1,"covered":1,"skipped":0,"pct":100},"statements":{"total":8,"covered":8,"skipped":0,"pct":100},"branches":{"total":1,"covered":1,"skipped":0,"pct":100}}
,"/home/runner/work/micro-stacks/micro-stacks/src/storage/delete/delete-from-gaia-hub.ts": {"lines":{"total":6,"covered":6,"skipped":0,"pct":100},"functions":{"total":1,"covered":1,"skipped":0,"pct":100},"statements":{"total":6,"covered":6,"skipped":0,"pct":100},"branches":{"total":1,"covered":1,"skipped":0,"pct":100}}
,"/home/runner/work/micro-stacks/micro-stacks/src/storage/gaia/config.ts": {"lines":{"total":20,"covered":19,"skipped":0,"pct":95},"functions":{"total":4,"covered":2,"skipped":0,"pct":50},"statements":{"total":20,"covered":19,"skipped":0,"pct":95},"branches":{"total":2,"covered":1,"skipped":0,"pct":50}}
,"/home/runner/work/micro-stacks/micro-stacks/src/storage/gaia/errors.ts": {"lines":{"total":111,"covered":54,"skipped":0,"pct":48.64},"functions":{"total":24,"covered":6,"skipped":0,"pct":25},"statements":{"total":119,"covered":58,"skipped":0,"pct":48.73},"branches":{"total":41,"covered":8,"skipped":0,"pct":19.51}}
,"/home/runner/work/micro-stacks/micro-stacks/src/storage/gaia/hub.ts": {"lines":{"total":12,"covered":5,"skipped":0,"pct":41.66},"functions":{"total":2,"covered":1,"skipped":0,"pct":50},"statements":{"total":12,"covered":5,"skipped":0,"pct":41.66},"branches":{"total":2,"covered":0,"skipped":0,"pct":0}}
,"/home/runner/work/micro-stacks/micro-stacks/src/storage/get-file/get-file.ts": {"lines":{"total":29,"covered":24,"skipped":0,"pct":82.75},"functions":{"total":1,"covered":1,"skipped":0,"pct":100},"statements":{"total":33,"covered":27,"skipped":0,"pct":81.81},"branches":{"total":24,"covered":18,"skipped":0,"pct":75}}
,"/home/runner/work/micro-stacks/micro-stacks/src/storage/get-file/getters.ts": {"lines":{"total":79,"covered":40,"skipped":0,"pct":50.63},"functions":{"total":5,"covered":4,"skipped":0,"pct":80},"statements":{"total":80,"covered":40,"skipped":0,"pct":50},"branches":{"total":39,"covered":13,"skipped":0,"pct":33.33}}
,"/home/runner/work/micro-stacks/micro-stacks/src/storage/get-file/sign.ts": {"lines":{"total":33,"covered":24,"skipped":0,"pct":72.72},"functions":{"total":1,"covered":1,"skipped":0,"pct":100},"statements":{"total":34,"covered":24,"skipped":0,"pct":70.58},"branches":{"total":18,"covered":8,"skipped":0,"pct":44.44}}
,"/home/runner/work/micro-stacks/micro-stacks/src/storage/get-file/zone-file-to-profile.ts": {"lines":{"total":20,"covered":16,"skipped":0,"pct":80},"functions":{"total":1,"covered":1,"skipped":0,"pct":100},"statements":{"total":22,"covered":16,"skipped":0,"pct":72.72},"branches":{"total":5,"covered":3,"skipped":0,"pct":60}}
,"/home/runner/work/micro-stacks/micro-stacks/src/storage/profile/tokens.ts": {"lines":{"total":37,"covered":26,"skipped":0,"pct":70.27},"functions":{"total":2,"covered":2,"skipped":0,"pct":100},"statements":{"total":39,"covered":27,"skipped":0,"pct":69.23},"branches":{"total":27,"covered":13,"skipped":0,"pct":48.14}}
,"/home/runner/work/micro-stacks/micro-stacks/src/storage/profile/schemas/index.ts": {"lines":{"total":1,"covered":0,"skipped":0,"pct":0},"functions":{"total":0,"covered":0,"skipped":0,"pct":100},"statements":{"total":1,"covered":0,"skipped":0,"pct":0},"branches":{"total":0,"covered":0,"skipped":0,"pct":100}}
,"/home/runner/work/micro-stacks/micro-stacks/src/storage/profile/schemas/personLegacy.ts": {"lines":{"total":38,"covered":1,"skipped":0,"pct":2.63},"functions":{"total":2,"covered":0,"skipped":0,"pct":0},"statements":{"total":38,"covered":1,"skipped":0,"pct":2.63},"branches":{"total":39,"covered":0,"skipped":0,"pct":0}}
,"/home/runner/work/micro-stacks/micro-stacks/src/transactions/authorization.ts": {"lines":{"total":198,"covered":175,"skipped":0,"pct":88.38},"functions":{"total":40,"covered":36,"skipped":0,"pct":90},"statements":{"total":203,"covered":180,"skipped":0,"pct":88.66},"branches":{"total":48,"covered":36,"skipped":0,"pct":75}}
,"/home/runner/work/micro-stacks/micro-stacks/src/transactions/builders.ts": {"lines":{"total":283,"covered":206,"skipped":0,"pct":72.79},"functions":{"total":27,"covered":23,"skipped":0,"pct":85.18},"statements":{"total":286,"covered":209,"skipped":0,"pct":73.07},"branches":{"total":100,"covered":68,"skipped":0,"pct":68}}
,"/home/runner/work/micro-stacks/micro-stacks/src/transactions/contract-abi.ts": {"lines":{"total":176,"covered":134,"skipped":0,"pct":76.13},"functions":{"total":19,"covered":18,"skipped":0,"pct":94.73},"statements":{"total":189,"covered":145,"skipped":0,"pct":76.71},"branches":{"total":144,"covered":100,"skipped":0,"pct":69.44}}
,"/home/runner/work/micro-stacks/micro-stacks/src/transactions/index.ts": {"lines":{"total":12,"covered":6,"skipped":0,"pct":50},"functions":{"total":0,"covered":0,"skipped":0,"pct":100},"statements":{"total":13,"covered":6,"skipped":0,"pct":46.15},"branches":{"total":0,"covered":0,"skipped":0,"pct":100}}
,"/home/runner/work/micro-stacks/micro-stacks/src/transactions/keys.ts": {"lines":{"total":83,"covered":73,"skipped":0,"pct":87.95},"functions":{"total":17,"covered":16,"skipped":0,"pct":94.11},"statements":{"total":86,"covered":76,"skipped":0,"pct":88.37},"branches":{"total":23,"covered":15,"skipped":0,"pct":65.21}}
,"/home/runner/work/micro-stacks/micro-stacks/src/transactions/payload.ts": {"lines":{"total":74,"covered":69,"skipped":0,"pct":93.24},"functions":{"total":10,"covered":8,"skipped":0,"pct":80},"statements":{"total":80,"covered":75,"skipped":0,"pct":93.75},"branches":{"total":23,"covered":19,"skipped":0,"pct":82.6}}
,"/home/runner/work/micro-stacks/micro-stacks/src/transactions/postcondition.ts": {"lines":{"total":45,"covered":41,"skipped":0,"pct":91.11},"functions":{"total":6,"covered":5,"skipped":0,"pct":83.33},"statements":{"total":50,"covered":43,"skipped":0,"pct":86},"branches":{"total":15,"covered":12,"skipped":0,"pct":80}}
,"/home/runner/work/micro-stacks/micro-stacks/src/transactions/signer.ts": {"lines":{"total":49,"covered":36,"skipped":0,"pct":73.46},"functions":{"total":7,"covered":5,"skipped":0,"pct":71.42},"statements":{"total":49,"covered":36,"skipped":0,"pct":73.46},"branches":{"total":17,"covered":7,"skipped":0,"pct":41.17}}
,"/home/runner/work/micro-stacks/micro-stacks/src/transactions/transaction.ts": {"lines":{"total":102,"covered":84,"skipped":0,"pct":82.35},"functions":{"total":18,"covered":15,"skipped":0,"pct":83.33},"statements":{"total":104,"covered":86,"skipped":0,"pct":82.69},"branches":{"total":52,"covered":35,"skipped":0,"pct":67.3}}
,"/home/runner/work/micro-stacks/micro-stacks/src/transactions/types.ts": {"lines":{"total":145,"covered":116,"skipped":0,"pct":80},"functions":{"total":24,"covered":23,"skipped":0,"pct":95.83},"statements":{"total":148,"covered":118,"skipped":0,"pct":79.72},"branches":{"total":59,"covered":42,"skipped":0,"pct":71.18}}
,"/home/runner/work/micro-stacks/micro-stacks/src/transactions/common/constants.ts": {"lines":{"total":15,"covered":15,"skipped":0,"pct":100},"functions":{"total":11,"covered":11,"skipped":0,"pct":100},"statements":{"total":55,"covered":55,"skipped":0,"pct":100},"branches":{"total":11,"covered":11,"skipped":0,"pct":100}}
,"/home/runner/work/micro-stacks/micro-stacks/src/transactions/common/test-utils.ts": {"lines":{"total":6,"covered":6,"skipped":0,"pct":100},"functions":{"total":1,"covered":1,"skipped":0,"pct":100},"statements":{"total":6,"covered":6,"skipped":0,"pct":100},"branches":{"total":0,"covered":0,"skipped":0,"pct":100}}
,"/home/runner/work/micro-stacks/micro-stacks/src/transactions/common/utils.ts": {"lines":{"total":16,"covered":15,"skipped":0,"pct":93.75},"functions":{"total":5,"covered":5,"skipped":0,"pct":100},"statements":{"total":21,"covered":20,"skipped":0,"pct":95.23},"branches":{"total":4,"covered":2,"skipped":0,"pct":50}}
,"/home/runner/work/micro-stacks/micro-stacks/src/wallet-sdk/constants.ts": {"lines":{"total":5,"covered":5,"skipped":0,"pct":100},"functions":{"total":0,"covered":0,"skipped":0,"pct":100},"statements":{"total":10,"covered":10,"skipped":0,"pct":100},"branches":{"total":0,"covered":0,"skipped":0,"pct":100}}
,"/home/runner/work/micro-stacks/micro-stacks/src/wallet-sdk/utils.ts": {"lines":{"total":2,"covered":2,"skipped":0,"pct":100},"functions":{"total":1,"covered":1,"skipped":0,"pct":100},"statements":{"total":2,"covered":2,"skipped":0,"pct":100},"branches":{"total":4,"covered":1,"skipped":0,"pct":25}}
,"/home/runner/work/micro-stacks/micro-stacks/src/wallet-sdk/account/derive-account.ts": {"lines":{"total":16,"covered":16,"skipped":0,"pct":100},"functions":{"total":2,"covered":2,"skipped":0,"pct":100},"statements":{"total":18,"covered":16,"skipped":0,"pct":88.88},"branches":{"total":4,"covered":1,"skipped":0,"pct":25}}
,"/home/runner/work/micro-stacks/micro-stacks/src/wallet-sdk/account/get-app-private-key.ts": {"lines":{"total":24,"covered":18,"skipped":0,"pct":75},"functions":{"total":3,"covered":3,"skipped":0,"pct":100},"statements":{"total":28,"covered":20,"skipped":0,"pct":71.42},"branches":{"total":5,"covered":1,"skipped":0,"pct":20}}
,"/home/runner/work/micro-stacks/micro-stacks/src/wallet-sdk/account/get-gaia-address.ts": {"lines":{"total":4,"covered":4,"skipped":0,"pct":100},"functions":{"total":1,"covered":1,"skipped":0,"pct":100},"statements":{"total":4,"covered":4,"skipped":0,"pct":100},"branches":{"total":0,"covered":0,"skipped":0,"pct":100}}
,"/home/runner/work/micro-stacks/micro-stacks/src/wallet-sdk/account/get-stx-address-from-account.ts": {"lines":{"total":4,"covered":4,"skipped":0,"pct":100},"functions":{"total":1,"covered":1,"skipped":0,"pct":100},"statements":{"total":4,"covered":4,"skipped":0,"pct":100},"branches":{"total":1,"covered":1,"skipped":0,"pct":100}}
,"/home/runner/work/micro-stacks/micro-stacks/src/wallet-sdk/encryption/decrypt-mnemonic.ts": {"lines":{"total":31,"covered":26,"skipped":0,"pct":83.87},"functions":{"total":1,"covered":1,"skipped":0,"pct":100},"statements":{"total":31,"covered":26,"skipped":0,"pct":83.87},"branches":{"total":4,"covered":2,"skipped":0,"pct":50}}
,"/home/runner/work/micro-stacks/micro-stacks/src/wallet-sdk/encryption/encrypt-mnemonic.ts": {"lines":{"total":19,"covered":19,"skipped":0,"pct":100},"functions":{"total":1,"covered":1,"skipped":0,"pct":100},"statements":{"total":20,"covered":20,"skipped":0,"pct":100},"branches":{"total":2,"covered":2,"skipped":0,"pct":100}}
,"/home/runner/work/micro-stacks/micro-stacks/src/wallet-sdk/wallet/derive.ts": {"lines":{"total":19,"covered":18,"skipped":0,"pct":94.73},"functions":{"total":4,"covered":4,"skipped":0,"pct":100},"statements":{"total":24,"covered":21,"skipped":0,"pct":87.5},"branches":{"total":3,"covered":0,"skipped":0,"pct":0}}
,"/home/runner/work/micro-stacks/micro-stacks/src/wallet-sdk/wallet/generate.ts": {"lines":{"total":14,"covered":13,"skipped":0,"pct":92.85},"functions":{"total":3,"covered":3,"skipped":0,"pct":100},"statements":{"total":14,"covered":13,"skipped":0,"pct":92.85},"branches":{"total":4,"covered":3,"skipped":0,"pct":75}}
,"/home/runner/work/micro-stacks/micro-stacks/src/zone-file/make-zonefile.ts": {"lines":{"total":129,"covered":77,"skipped":0,"pct":59.68},"functions":{"total":17,"covered":16,"skipped":0,"pct":94.11},"statements":{"total":139,"covered":77,"skipped":0,"pct":55.39},"branches":{"total":57,"covered":5,"skipped":0,"pct":8.77}}
,"/home/runner/work/micro-stacks/micro-stacks/src/zone-file/parse-zonefile.ts": {"lines":{"total":143,"covered":42,"skipped":0,"pct":29.37},"functions":{"total":17,"covered":5,"skipped":0,"pct":29.41},"statements":{"total":155,"covered":42,"skipped":0,"pct":27.09},"branches":{"total":71,"covered":20,"skipped":0,"pct":28.16}}
,"/home/runner/work/micro-stacks/micro-stacks/src/zone-file/template.ts": {"lines":{"total":1,"covered":1,"skipped":0,"pct":100},"functions":{"total":0,"covered":0,"skipped":0,"pct":100},"statements":{"total":1,"covered":1,"skipped":0,"pct":100},"branches":{"total":0,"covered":0,"skipped":0,"pct":100}}
,"/home/runner/work/micro-stacks/micro-stacks/tests/mocks/get-file.mocks.ts": {"lines":{"total":14,"covered":13,"skipped":0,"pct":92.85},"functions":{"total":6,"covered":5,"skipped":0,"pct":83.33},"statements":{"total":16,"covered":15,"skipped":0,"pct":93.75},"branches":{"total":0,"covered":0,"skipped":0,"pct":100}}
,"/home/runner/work/micro-stacks/micro-stacks/tests/mocks/sample-addresses.ts": {"lines":{"total":4,"covered":4,"skipped":0,"pct":100},"functions":{"total":0,"covered":0,"skipped":0,"pct":100},"statements":{"total":4,"covered":4,"skipped":0,"pct":100},"branches":{"total":0,"covered":0,"skipped":0,"pct":100}}
}
