{"total": {"lines":{"total":5022,"covered":4070,"skipped":0,"pct":81.04},"statements":{"total":5436,"covered":4395,"skipped":0,"pct":80.85},"functions":{"total":756,"covered":631,"skipped":0,"pct":83.47},"branches":{"total":2088,"covered":1316,"skipped":0,"pct":63.03}}
,"/home/runner/work/micro-stacks/micro-stacks/src/bip32.ts": {"lines":{"total":1,"covered":1,"skipped":0,"pct":100},"functions":{"total":0,"covered":0,"skipped":0,"pct":100},"statements":{"total":1,"covered":1,"skipped":0,"pct":100},"branches":{"total":0,"covered":0,"skipped":0,"pct":100}}
,"/home/runner/work/micro-stacks/micro-stacks/src/bip39.ts": {"lines":{"total":10,"covered":5,"skipped":0,"pct":50},"functions":{"total":0,"covered":0,"skipped":0,"pct":100},"statements":{"total":10,"covered":5,"skipped":0,"pct":50},"branches":{"total":0,"covered":0,"skipped":0,"pct":100}}
,"/home/runner/work/micro-stacks/micro-stacks/src/crypto.ts": {"lines":{"total":4,"covered":3,"skipped":0,"pct":75},"functions":{"total":0,"covered":0,"skipped":0,"pct":100},"statements":{"total":4,"covered":3,"skipped":0,"pct":75},"branches":{"total":0,"covered":0,"skipped":0,"pct":100}}
,"/home/runner/work/micro-stacks/micro-stacks/src/bip32/constants.ts": {"lines":{"total":3,"covered":3,"skipped":0,"pct":100},"functions":{"total":0,"covered":0,"skipped":0,"pct":100},"statements":{"total":6,"covered":6,"skipped":0,"pct":100},"branches":{"total":0,"covered":0,"skipped":0,"pct":100}}
,"/home/runner/work/micro-stacks/micro-stacks/src/bip32/index.ts": {"lines":{"total":103,"covered":102,"skipped":0,"pct":99.03},"functions":{"total":10,"covered":10,"skipped":0,"pct":100},"statements":{"total":133,"covered":123,"skipped":0,"pct":92.48},"branches":{"total":65,"covered":53,"skipped":0,"pct":81.54}}
,"/home/runner/work/micro-stacks/micro-stacks/src/bip32/utils.ts": {"lines":{"total":32,"covered":32,"skipped":0,"pct":100},"functions":{"total":11,"covered":11,"skipped":0,"pct":100},"statements":{"total":38,"covered":37,"skipped":0,"pct":97.37},"branches":{"total":14,"covered":11,"skipped":0,"pct":78.57}}
,"/home/runner/work/micro-stacks/micro-stacks/src/bip39/index.ts": {"lines":{"total":72,"covered":72,"skipped":0,"pct":100},"functions":{"total":16,"covered":16,"skipped":0,"pct":100},"statements":{"total":84,"covered":79,"skipped":0,"pct":94.05},"branches":{"total":27,"covered":23,"skipped":0,"pct":85.19}}
,"/home/runner/work/micro-stacks/micro-stacks/src/bip39/wordlist.ts": {"lines":{"total":1,"covered":1,"skipped":0,"pct":100},"functions":{"total":0,"covered":0,"skipped":0,"pct":100},"statements":{"total":2,"covered":2,"skipped":0,"pct":100},"branches":{"total":0,"covered":0,"skipped":0,"pct":100}}
,"/home/runner/work/micro-stacks/micro-stacks/src/clarity/abi.ts": {"lines":{"total":1,"covered":1,"skipped":0,"pct":100},"functions":{"total":1,"covered":1,"skipped":0,"pct":100},"statements":{"total":13,"covered":13,"skipped":0,"pct":100},"branches":{"total":1,"covered":1,"skipped":0,"pct":100}}
,"/home/runner/work/micro-stacks/micro-stacks/src/clarity/deserialize.ts": {"lines":{"total":56,"covered":53,"skipped":0,"pct":94.64},"functions":{"total":2,"covered":1,"skipped":0,"pct":50},"statements":{"total":58,"covered":55,"skipped":0,"pct":94.83},"branches":{"total":23,"covered":21,"skipped":0,"pct":91.3}}
,"/home/runner/work/micro-stacks/micro-stacks/src/clarity/serialize.ts": {"lines":{"total":72,"covered":71,"skipped":0,"pct":98.61},"functions":{"total":16,"covered":16,"skipped":0,"pct":100},"statements":{"total":73,"covered":72,"skipped":0,"pct":98.63},"branches":{"total":19,"covered":19,"skipped":0,"pct":100}}
,"/home/runner/work/micro-stacks/micro-stacks/src/clarity/clarity-value/cv-to-json.ts": {"lines":{"total":8,"covered":8,"skipped":0,"pct":100},"functions":{"total":1,"covered":1,"skipped":0,"pct":100},"statements":{"total":8,"covered":8,"skipped":0,"pct":100},"branches":{"total":2,"covered":2,"skipped":0,"pct":100}}
,"/home/runner/work/micro-stacks/micro-stacks/src/clarity/clarity-value/cv-to-string.ts": {"lines":{"total":23,"covered":20,"skipped":0,"pct":86.96},"functions":{"total":3,"covered":3,"skipped":0,"pct":100},"statements":{"total":24,"covered":21,"skipped":0,"pct":87.5},"branches":{"total":20,"covered":17,"skipped":0,"pct":85}}
,"/home/runner/work/micro-stacks/micro-stacks/src/clarity/clarity-value/cv-to-value.ts": {"lines":{"total":24,"covered":23,"skipped":0,"pct":95.83},"functions":{"total":4,"covered":4,"skipped":0,"pct":100},"statements":{"total":25,"covered":24,"skipped":0,"pct":96},"branches":{"total":17,"covered":15,"skipped":0,"pct":88.24}}
,"/home/runner/work/micro-stacks/micro-stacks/src/clarity/clarity-value/get-cv-type-string.ts": {"lines":{"total":17,"covered":17,"skipped":0,"pct":100},"functions":{"total":2,"covered":2,"skipped":0,"pct":100},"statements":{"total":17,"covered":17,"skipped":0,"pct":100},"branches":{"total":17,"covered":17,"skipped":0,"pct":100}}
,"/home/runner/work/micro-stacks/micro-stacks/src/clarity/clarity-value/hex.ts": {"lines":{"total":7,"covered":7,"skipped":0,"pct":100},"functions":{"total":2,"covered":2,"skipped":0,"pct":100},"statements":{"total":7,"covered":7,"skipped":0,"pct":100},"branches":{"total":0,"covered":0,"skipped":0,"pct":100}}
,"/home/runner/work/micro-stacks/micro-stacks/src/clarity/common/constants.ts": {"lines":{"total":9,"covered":9,"skipped":0,"pct":100},"functions":{"total":2,"covered":2,"skipped":0,"pct":100},"statements":{"total":32,"covered":32,"skipped":0,"pct":100},"branches":{"total":2,"covered":2,"skipped":0,"pct":100}}
,"/home/runner/work/micro-stacks/micro-stacks/src/clarity/common/utils.ts": {"lines":{"total":41,"covered":41,"skipped":0,"pct":100},"functions":{"total":10,"covered":10,"skipped":0,"pct":100},"statements":{"total":52,"covered":52,"skipped":0,"pct":100},"branches":{"total":17,"covered":16,"skipped":0,"pct":94.12}}
,"/home/runner/work/micro-stacks/micro-stacks/src/clarity/types/booleanCV.ts": {"lines":{"total":3,"covered":3,"skipped":0,"pct":100},"functions":{"total":2,"covered":2,"skipped":0,"pct":100},"statements":{"total":7,"covered":7,"skipped":0,"pct":100},"branches":{"total":0,"covered":0,"skipped":0,"pct":100}}
,"/home/runner/work/micro-stacks/micro-stacks/src/clarity/types/bufferCV.ts": {"lines":{"total":7,"covered":6,"skipped":0,"pct":85.71},"functions":{"total":2,"covered":2,"skipped":0,"pct":100},"statements":{"total":10,"covered":9,"skipped":0,"pct":90},"branches":{"total":2,"covered":1,"skipped":0,"pct":50}}
,"/home/runner/work/micro-stacks/micro-stacks/src/clarity/types/intCV.ts": {"lines":{"total":23,"covered":18,"skipped":0,"pct":78.26},"functions":{"total":2,"covered":2,"skipped":0,"pct":100},"statements":{"total":24,"covered":19,"skipped":0,"pct":79.17},"branches":{"total":10,"covered":5,"skipped":0,"pct":50}}
,"/home/runner/work/micro-stacks/micro-stacks/src/clarity/types/listCV.ts": {"lines":{"total":3,"covered":3,"skipped":0,"pct":100},"functions":{"total":1,"covered":1,"skipped":0,"pct":100},"statements":{"total":3,"covered":3,"skipped":0,"pct":100},"branches":{"total":0,"covered":0,"skipped":0,"pct":100}}
,"/home/runner/work/micro-stacks/micro-stacks/src/clarity/types/optionalCV.ts": {"lines":{"total":7,"covered":4,"skipped":0,"pct":57.14},"functions":{"total":3,"covered":2,"skipped":0,"pct":66.67},"statements":{"total":9,"covered":6,"skipped":0,"pct":66.67},"branches":{"total":2,"covered":0,"skipped":0,"pct":0}}
,"/home/runner/work/micro-stacks/micro-stacks/src/clarity/types/principalCV.ts": {"lines":{"total":31,"covered":29,"skipped":0,"pct":93.55},"functions":{"total":7,"covered":7,"skipped":0,"pct":100},"statements":{"total":31,"covered":29,"skipped":0,"pct":93.55},"branches":{"total":8,"covered":6,"skipped":0,"pct":75}}
,"/home/runner/work/micro-stacks/micro-stacks/src/clarity/types/responseCV.ts": {"lines":{"total":4,"covered":4,"skipped":0,"pct":100},"functions":{"total":2,"covered":2,"skipped":0,"pct":100},"statements":{"total":5,"covered":5,"skipped":0,"pct":100},"branches":{"total":0,"covered":0,"skipped":0,"pct":100}}
,"/home/runner/work/micro-stacks/micro-stacks/src/clarity/types/stringCV.ts": {"lines":{"total":9,"covered":7,"skipped":0,"pct":77.78},"functions":{"total":3,"covered":2,"skipped":0,"pct":66.67},"statements":{"total":11,"covered":9,"skipped":0,"pct":81.82},"branches":{"total":2,"covered":0,"skipped":0,"pct":0}}
,"/home/runner/work/micro-stacks/micro-stacks/src/clarity/types/tupleCV.ts": {"lines":{"total":7,"covered":6,"skipped":0,"pct":85.71},"functions":{"total":1,"covered":1,"skipped":0,"pct":100},"statements":{"total":7,"covered":6,"skipped":0,"pct":85.71},"branches":{"total":2,"covered":1,"skipped":0,"pct":50}}
,"/home/runner/work/micro-stacks/micro-stacks/src/common/clone-deep.ts": {"lines":{"total":21,"covered":19,"skipped":0,"pct":90.48},"functions":{"total":5,"covered":5,"skipped":0,"pct":100},"statements":{"total":21,"covered":19,"skipped":0,"pct":90.48},"branches":{"total":17,"covered":14,"skipped":0,"pct":82.35}}
,"/home/runner/work/micro-stacks/micro-stacks/src/common/constants.ts": {"lines":{"total":3,"covered":3,"skipped":0,"pct":100},"functions":{"total":2,"covered":2,"skipped":0,"pct":100},"statements":{"total":6,"covered":6,"skipped":0,"pct":100},"branches":{"total":2,"covered":2,"skipped":0,"pct":100}}
,"/home/runner/work/micro-stacks/micro-stacks/src/common/encoding-ascii.ts": {"lines":{"total":11,"covered":11,"skipped":0,"pct":100},"functions":{"total":2,"covered":2,"skipped":0,"pct":100},"statements":{"total":13,"covered":13,"skipped":0,"pct":100},"branches":{"total":0,"covered":0,"skipped":0,"pct":100}}
,"/home/runner/work/micro-stacks/micro-stacks/src/common/encoding-base58.ts": {"lines":{"total":39,"covered":35,"skipped":0,"pct":89.74},"functions":{"total":3,"covered":2,"skipped":0,"pct":66.67},"statements":{"total":46,"covered":40,"skipped":0,"pct":86.96},"branches":{"total":12,"covered":6,"skipped":0,"pct":50}}
,"/home/runner/work/micro-stacks/micro-stacks/src/common/encoding-base64.ts": {"lines":{"total":85,"covered":78,"skipped":0,"pct":91.76},"functions":{"total":13,"covered":10,"skipped":0,"pct":76.92},"statements":{"total":92,"covered":85,"skipped":0,"pct":92.39},"branches":{"total":22,"covered":20,"skipped":0,"pct":90.91}}
,"/home/runner/work/micro-stacks/micro-stacks/src/common/encoding-hex.ts": {"lines":{"total":36,"covered":31,"skipped":0,"pct":86.11},"functions":{"total":9,"covered":7,"skipped":0,"pct":77.78},"statements":{"total":48,"covered":41,"skipped":0,"pct":85.42},"branches":{"total":15,"covered":8,"skipped":0,"pct":53.33}}
,"/home/runner/work/micro-stacks/micro-stacks/src/common/encoding-utf8.ts": {"lines":{"total":4,"covered":4,"skipped":0,"pct":100},"functions":{"total":2,"covered":2,"skipped":0,"pct":100},"statements":{"total":4,"covered":4,"skipped":0,"pct":100},"branches":{"total":0,"covered":0,"skipped":0,"pct":100}}
,"/home/runner/work/micro-stacks/micro-stacks/src/common/errors.ts": {"lines":{"total":45,"covered":12,"skipped":0,"pct":26.67},"functions":{"total":9,"covered":2,"skipped":0,"pct":22.22},"statements":{"total":45,"covered":12,"skipped":0,"pct":26.67},"branches":{"total":12,"covered":0,"skipped":0,"pct":0}}
,"/home/runner/work/micro-stacks/micro-stacks/src/common/fetch-private.ts": {"lines":{"total":4,"covered":4,"skipped":0,"pct":100},"functions":{"total":1,"covered":1,"skipped":0,"pct":100},"statements":{"total":4,"covered":4,"skipped":0,"pct":100},"branches":{"total":3,"covered":3,"skipped":0,"pct":100}}
,"/home/runner/work/micro-stacks/micro-stacks/src/common/index.ts": {"lines":{"total":32,"covered":18,"skipped":0,"pct":56.25},"functions":{"total":5,"covered":3,"skipped":0,"pct":60},"statements":{"total":34,"covered":20,"skipped":0,"pct":58.82},"branches":{"total":13,"covered":2,"skipped":0,"pct":15.38}}
,"/home/runner/work/micro-stacks/micro-stacks/src/common/ints.ts": {"lines":{"total":30,"covered":30,"skipped":0,"pct":100},"functions":{"total":3,"covered":3,"skipped":0,"pct":100},"statements":{"total":30,"covered":30,"skipped":0,"pct":100},"branches":{"total":23,"covered":22,"skipped":0,"pct":95.65}}
,"/home/runner/work/micro-stacks/micro-stacks/src/common/is-bn.ts": {"lines":{"total":3,"covered":3,"skipped":0,"pct":100},"functions":{"total":1,"covered":1,"skipped":0,"pct":100},"statements":{"total":3,"covered":3,"skipped":0,"pct":100},"branches":{"total":16,"covered":13,"skipped":0,"pct":81.25}}
,"/home/runner/work/micro-stacks/micro-stacks/src/common/twos-complement.ts": {"lines":{"total":8,"covered":7,"skipped":0,"pct":87.5},"functions":{"total":2,"covered":2,"skipped":0,"pct":100},"statements":{"total":10,"covered":8,"skipped":0,"pct":80},"branches":{"total":8,"covered":6,"skipped":0,"pct":75}}
,"/home/runner/work/micro-stacks/micro-stacks/src/common/buffer/buffer-array.ts": {"lines":{"total":10,"covered":9,"skipped":0,"pct":90},"functions":{"total":5,"covered":5,"skipped":0,"pct":100},"statements":{"total":11,"covered":10,"skipped":0,"pct":90.91},"branches":{"total":5,"covered":4,"skipped":0,"pct":80}}
,"/home/runner/work/micro-stacks/micro-stacks/src/common/buffer/buffer-constants.ts": {"lines":{"total":1,"covered":1,"skipped":0,"pct":100},"functions":{"total":0,"covered":0,"skipped":0,"pct":100},"statements":{"total":2,"covered":2,"skipped":0,"pct":100},"branches":{"total":0,"covered":0,"skipped":0,"pct":100}}
,"/home/runner/work/micro-stacks/micro-stacks/src/common/buffer/buffer-reader.ts": {"lines":{"total":44,"covered":27,"skipped":0,"pct":61.36},"functions":{"total":14,"covered":8,"skipped":0,"pct":57.14},"statements":{"total":46,"covered":29,"skipped":0,"pct":63.04},"branches":{"total":18,"covered":12,"skipped":0,"pct":66.67}}
,"/home/runner/work/micro-stacks/micro-stacks/src/common/buffer/buffer-utils.ts": {"lines":{"total":84,"covered":57,"skipped":0,"pct":67.86},"functions":{"total":18,"covered":13,"skipped":0,"pct":72.22},"statements":{"total":89,"covered":61,"skipped":0,"pct":68.54},"branches":{"total":37,"covered":25,"skipped":0,"pct":67.57}}
,"/home/runner/work/micro-stacks/micro-stacks/src/common/buffer/copy.ts": {"lines":{"total":20,"covered":17,"skipped":0,"pct":85},"functions":{"total":1,"covered":1,"skipped":0,"pct":100},"statements":{"total":30,"covered":19,"skipped":0,"pct":63.33},"branches":{"total":36,"covered":24,"skipped":0,"pct":66.67}}
,"/home/runner/work/micro-stacks/micro-stacks/src/connect/tx/contract-call.ts": {"lines":{"total":10,"covered":10,"skipped":0,"pct":100},"functions":{"total":2,"covered":2,"skipped":0,"pct":100},"statements":{"total":11,"covered":11,"skipped":0,"pct":100},"branches":{"total":2,"covered":1,"skipped":0,"pct":50}}
,"/home/runner/work/micro-stacks/micro-stacks/src/connect/tx/shared.ts": {"lines":{"total":4,"covered":3,"skipped":0,"pct":75},"functions":{"total":2,"covered":1,"skipped":0,"pct":50},"statements":{"total":4,"covered":3,"skipped":0,"pct":75},"branches":{"total":5,"covered":3,"skipped":0,"pct":60}}
,"/home/runner/work/micro-stacks/micro-stacks/src/connect/tx/sign.ts": {"lines":{"total":4,"covered":4,"skipped":0,"pct":100},"functions":{"total":1,"covered":1,"skipped":0,"pct":100},"statements":{"total":5,"covered":5,"skipped":0,"pct":100},"branches":{"total":0,"covered":0,"skipped":0,"pct":100}}
,"/home/runner/work/micro-stacks/micro-stacks/src/connect/tx/types.ts": {"lines":{"total":1,"covered":1,"skipped":0,"pct":100},"functions":{"total":1,"covered":1,"skipped":0,"pct":100},"statements":{"total":3,"covered":3,"skipped":0,"pct":100},"branches":{"total":1,"covered":1,"skipped":0,"pct":100}}
,"/home/runner/work/micro-stacks/micro-stacks/src/crypto-extras/crypto-aes/create-cipher.ts": {"lines":{"total":8,"covered":7,"skipped":0,"pct":87.5},"functions":{"total":1,"covered":1,"skipped":0,"pct":100},"statements":{"total":8,"covered":7,"skipped":0,"pct":87.5},"branches":{"total":2,"covered":1,"skipped":0,"pct":50}}
,"/home/runner/work/micro-stacks/micro-stacks/src/crypto-extras/crypto-aes/get-crypto.ts": {"lines":{"total":23,"covered":9,"skipped":0,"pct":39.13},"functions":{"total":3,"covered":2,"skipped":0,"pct":66.67},"statements":{"total":24,"covered":10,"skipped":0,"pct":41.67},"branches":{"total":10,"covered":2,"skipped":0,"pct":20}}
,"/home/runner/work/micro-stacks/micro-stacks/src/crypto-extras/crypto-aes/index.ts": {"lines":{"total":13,"covered":13,"skipped":0,"pct":100},"functions":{"total":4,"covered":4,"skipped":0,"pct":100},"statements":{"total":13,"covered":13,"skipped":0,"pct":100},"branches":{"total":0,"covered":0,"skipped":0,"pct":100}}
,"/home/runner/work/micro-stacks/micro-stacks/src/crypto-extras/crypto-aes/node.ts": {"lines":{"total":14,"covered":12,"skipped":0,"pct":85.71},"functions":{"total":3,"covered":3,"skipped":0,"pct":100},"statements":{"total":14,"covered":12,"skipped":0,"pct":85.71},"branches":{"total":8,"covered":6,"skipped":0,"pct":75}}
,"/home/runner/work/micro-stacks/micro-stacks/src/crypto-extras/crypto-aes/web.ts": {"lines":{"total":22,"covered":1,"skipped":0,"pct":4.55},"functions":{"total":3,"covered":0,"skipped":0,"pct":0},"statements":{"total":22,"covered":1,"skipped":0,"pct":4.55},"branches":{"total":8,"covered":0,"skipped":0,"pct":0}}
,"/home/runner/work/micro-stacks/micro-stacks/src/crypto-extras/crypto-hmac-sha/hmac-sha256.ts": {"lines":{"total":19,"covered":12,"skipped":0,"pct":63.16},"functions":{"total":2,"covered":1,"skipped":0,"pct":50},"statements":{"total":19,"covered":12,"skipped":0,"pct":63.16},"branches":{"total":12,"covered":6,"skipped":0,"pct":50}}
,"/home/runner/work/micro-stacks/micro-stacks/src/crypto-extras/crypto-hmac-sha/hmac-sha512.ts": {"lines":{"total":19,"covered":12,"skipped":0,"pct":63.16},"functions":{"total":2,"covered":1,"skipped":0,"pct":50},"statements":{"total":19,"covered":12,"skipped":0,"pct":63.16},"branches":{"total":12,"covered":6,"skipped":0,"pct":50}}
,"/home/runner/work/micro-stacks/micro-stacks/src/crypto-extras/crypto-hmac-sha/hmac-shim.ts": {"lines":{"total":32,"covered":28,"skipped":0,"pct":87.5},"functions":{"total":4,"covered":4,"skipped":0,"pct":100},"statements":{"total":33,"covered":29,"skipped":0,"pct":87.88},"branches":{"total":11,"covered":6,"skipped":0,"pct":54.55}}
,"/home/runner/work/micro-stacks/micro-stacks/src/crypto-extras/crypto-pbkdf2/index.ts": {"lines":{"total":12,"covered":10,"skipped":0,"pct":83.33},"functions":{"total":2,"covered":1,"skipped":0,"pct":50},"statements":{"total":13,"covered":10,"skipped":0,"pct":76.92},"branches":{"total":3,"covered":1,"skipped":0,"pct":33.33}}
,"/home/runner/work/micro-stacks/micro-stacks/src/crypto-extras/crypto-pbkdf2/node.ts": {"lines":{"total":8,"covered":7,"skipped":0,"pct":87.5},"functions":{"total":4,"covered":4,"skipped":0,"pct":100},"statements":{"total":9,"covered":7,"skipped":0,"pct":77.78},"branches":{"total":6,"covered":3,"skipped":0,"pct":50}}
,"/home/runner/work/micro-stacks/micro-stacks/src/crypto-extras/crypto-pbkdf2/pbkdf2-js-shim.ts": {"lines":{"total":19,"covered":2,"skipped":0,"pct":10.53},"functions":{"total":1,"covered":0,"skipped":0,"pct":0},"statements":{"total":23,"covered":2,"skipped":0,"pct":8.7},"branches":{"total":0,"covered":0,"skipped":0,"pct":100}}
,"/home/runner/work/micro-stacks/micro-stacks/src/crypto-extras/crypto-pbkdf2/web.ts": {"lines":{"total":11,"covered":2,"skipped":0,"pct":18.18},"functions":{"total":2,"covered":0,"skipped":0,"pct":0},"statements":{"total":11,"covered":2,"skipped":0,"pct":18.18},"branches":{"total":4,"covered":0,"skipped":0,"pct":0}}
,"/home/runner/work/micro-stacks/micro-stacks/src/crypto-extras/crypto-sha/sha256.ts": {"lines":{"total":86,"covered":84,"skipped":0,"pct":97.67},"functions":{"total":6,"covered":6,"skipped":0,"pct":100},"statements":{"total":90,"covered":88,"skipped":0,"pct":97.78},"branches":{"total":10,"covered":8,"skipped":0,"pct":80}}
,"/home/runner/work/micro-stacks/micro-stacks/src/crypto-extras/crypto-sha/sha512.ts": {"lines":{"total":158,"covered":156,"skipped":0,"pct":98.73},"functions":{"total":6,"covered":6,"skipped":0,"pct":100},"statements":{"total":161,"covered":159,"skipped":0,"pct":98.76},"branches":{"total":44,"covered":42,"skipped":0,"pct":95.45}}
,"/home/runner/work/micro-stacks/micro-stacks/src/crypto-extras/crypto-sha/sha512_256.ts": {"lines":{"total":158,"covered":156,"skipped":0,"pct":98.73},"functions":{"total":6,"covered":6,"skipped":0,"pct":100},"statements":{"total":161,"covered":159,"skipped":0,"pct":98.76},"branches":{"total":44,"covered":42,"skipped":0,"pct":95.45}}
,"/home/runner/work/micro-stacks/micro-stacks/src/crypto/base58/addresses.ts": {"lines":{"total":37,"covered":37,"skipped":0,"pct":100},"functions":{"total":8,"covered":8,"skipped":0,"pct":100},"statements":{"total":39,"covered":39,"skipped":0,"pct":100},"branches":{"total":6,"covered":6,"skipped":0,"pct":100}}
,"/home/runner/work/micro-stacks/micro-stacks/src/crypto/base58/index.ts": {"lines":{"total":26,"covered":25,"skipped":0,"pct":96.15},"functions":{"total":2,"covered":2,"skipped":0,"pct":100},"statements":{"total":27,"covered":26,"skipped":0,"pct":96.3},"branches":{"total":2,"covered":1,"skipped":0,"pct":50}}
,"/home/runner/work/micro-stacks/micro-stacks/src/crypto/base58/networks.ts": {"lines":{"total":5,"covered":5,"skipped":0,"pct":100},"functions":{"total":1,"covered":1,"skipped":0,"pct":100},"statements":{"total":9,"covered":9,"skipped":0,"pct":100},"branches":{"total":1,"covered":1,"skipped":0,"pct":100}}
,"/home/runner/work/micro-stacks/micro-stacks/src/crypto/c32/index.ts": {"lines":{"total":122,"covered":113,"skipped":0,"pct":92.62},"functions":{"total":13,"covered":12,"skipped":0,"pct":92.31},"statements":{"total":134,"covered":125,"skipped":0,"pct":93.28},"branches":{"total":31,"covered":22,"skipped":0,"pct":70.97}}
,"/home/runner/work/micro-stacks/micro-stacks/src/crypto/common/ecies-utils.ts": {"lines":{"total":31,"covered":30,"skipped":0,"pct":96.77},"functions":{"total":5,"covered":5,"skipped":0,"pct":100},"statements":{"total":31,"covered":30,"skipped":0,"pct":96.77},"branches":{"total":10,"covered":9,"skipped":0,"pct":90}}
,"/home/runner/work/micro-stacks/micro-stacks/src/crypto/common/hashRipemd160.ts": {"lines":{"total":8,"covered":8,"skipped":0,"pct":100},"functions":{"total":3,"covered":3,"skipped":0,"pct":100},"statements":{"total":8,"covered":8,"skipped":0,"pct":100},"branches":{"total":0,"covered":0,"skipped":0,"pct":100}}
,"/home/runner/work/micro-stacks/micro-stacks/src/crypto/common/random-bytes.ts": {"lines":{"total":3,"covered":3,"skipped":0,"pct":100},"functions":{"total":1,"covered":1,"skipped":0,"pct":100},"statements":{"total":3,"covered":3,"skipped":0,"pct":100},"branches":{"total":0,"covered":0,"skipped":0,"pct":100}}
,"/home/runner/work/micro-stacks/micro-stacks/src/crypto/common/ripemd160-minimal.ts": {"lines":{"total":302,"covered":292,"skipped":0,"pct":96.69},"functions":{"total":31,"covered":27,"skipped":0,"pct":87.1},"statements":{"total":312,"covered":301,"skipped":0,"pct":96.47},"branches":{"total":18,"covered":13,"skipped":0,"pct":72.22}}
,"/home/runner/work/micro-stacks/micro-stacks/src/crypto/common/shared-secret.ts": {"lines":{"total":4,"covered":4,"skipped":0,"pct":100},"functions":{"total":1,"covered":1,"skipped":0,"pct":100},"statements":{"total":4,"covered":4,"skipped":0,"pct":100},"branches":{"total":0,"covered":0,"skipped":0,"pct":100}}
,"/home/runner/work/micro-stacks/micro-stacks/src/crypto/encryption/decrypt-content.ts": {"lines":{"total":10,"covered":9,"skipped":0,"pct":90},"functions":{"total":1,"covered":1,"skipped":0,"pct":100},"statements":{"total":10,"covered":9,"skipped":0,"pct":90},"branches":{"total":4,"covered":3,"skipped":0,"pct":75}}
,"/home/runner/work/micro-stacks/micro-stacks/src/crypto/encryption/decrypt-ecies.ts": {"lines":{"total":34,"covered":32,"skipped":0,"pct":94.12},"functions":{"total":2,"covered":2,"skipped":0,"pct":100},"statements":{"total":36,"covered":34,"skipped":0,"pct":94.44},"branches":{"total":14,"covered":12,"skipped":0,"pct":85.71}}
,"/home/runner/work/micro-stacks/micro-stacks/src/crypto/encryption/encrypt-content.ts": {"lines":{"total":18,"covered":18,"skipped":0,"pct":100},"functions":{"total":1,"covered":1,"skipped":0,"pct":100},"statements":{"total":24,"covered":22,"skipped":0,"pct":91.67},"branches":{"total":20,"covered":18,"skipped":0,"pct":90}}
,"/home/runner/work/micro-stacks/micro-stacks/src/crypto/encryption/encrypt-ecies.ts": {"lines":{"total":25,"covered":24,"skipped":0,"pct":96},"functions":{"total":1,"covered":1,"skipped":0,"pct":100},"statements":{"total":26,"covered":25,"skipped":0,"pct":96.15},"branches":{"total":10,"covered":9,"skipped":0,"pct":90}}
,"/home/runner/work/micro-stacks/micro-stacks/src/crypto/encryption/sign.ts": {"lines":{"total":15,"covered":15,"skipped":0,"pct":100},"functions":{"total":2,"covered":2,"skipped":0,"pct":100},"statements":{"total":15,"covered":15,"skipped":0,"pct":100},"branches":{"total":8,"covered":6,"skipped":0,"pct":75}}
,"/home/runner/work/micro-stacks/micro-stacks/src/crypto/token-signer/create-signing-input.ts": {"lines":{"total":7,"covered":7,"skipped":0,"pct":100},"functions":{"total":1,"covered":1,"skipped":0,"pct":100},"statements":{"total":9,"covered":9,"skipped":0,"pct":100},"branches":{"total":0,"covered":0,"skipped":0,"pct":100}}
,"/home/runner/work/micro-stacks/micro-stacks/src/crypto/token-signer/create-unsecured-token.ts": {"lines":{"total":4,"covered":4,"skipped":0,"pct":100},"functions":{"total":1,"covered":1,"skipped":0,"pct":100},"statements":{"total":4,"covered":4,"skipped":0,"pct":100},"branches":{"total":0,"covered":0,"skipped":0,"pct":100}}
,"/home/runner/work/micro-stacks/micro-stacks/src/crypto/token-signer/decode-token.ts": {"lines":{"total":19,"covered":19,"skipped":0,"pct":100},"functions":{"total":2,"covered":2,"skipped":0,"pct":100},"statements":{"total":19,"covered":19,"skipped":0,"pct":100},"branches":{"total":8,"covered":6,"skipped":0,"pct":75}}
,"/home/runner/work/micro-stacks/micro-stacks/src/crypto/token-signer/ecdsa-sig-formatter.ts": {"lines":{"total":87,"covered":80,"skipped":0,"pct":91.95},"functions":{"total":4,"covered":4,"skipped":0,"pct":100},"statements":{"total":90,"covered":83,"skipped":0,"pct":92.22},"branches":{"total":34,"covered":30,"skipped":0,"pct":88.24}}
,"/home/runner/work/micro-stacks/micro-stacks/src/crypto/token-signer/token-signer.ts": {"lines":{"total":23,"covered":23,"skipped":0,"pct":100},"functions":{"total":4,"covered":4,"skipped":0,"pct":100},"statements":{"total":23,"covered":23,"skipped":0,"pct":100},"branches":{"total":8,"covered":6,"skipped":0,"pct":75}}
,"/home/runner/work/micro-stacks/micro-stacks/src/crypto/token-signer/token-verifier.ts": {"lines":{"total":32,"covered":30,"skipped":0,"pct":93.75},"functions":{"total":7,"covered":7,"skipped":0,"pct":100},"statements":{"total":32,"covered":30,"skipped":0,"pct":93.75},"branches":{"total":6,"covered":4,"skipped":0,"pct":66.67}}
,"/home/runner/work/micro-stacks/micro-stacks/src/crypto/token-signer/base64url/index.ts": {"lines":{"total":22,"covered":20,"skipped":0,"pct":90.91},"functions":{"total":5,"covered":5,"skipped":0,"pct":100},"statements":{"total":22,"covered":20,"skipped":0,"pct":90.91},"branches":{"total":6,"covered":4,"skipped":0,"pct":66.67}}
,"/home/runner/work/micro-stacks/micro-stacks/src/network/index.ts": {"lines":{"total":45,"covered":20,"skipped":0,"pct":44.44},"functions":{"total":18,"covered":7,"skipped":0,"pct":38.89},"statements":{"total":65,"covered":38,"skipped":0,"pct":58.46},"branches":{"total":16,"covered":5,"skipped":0,"pct":31.25}}
,"/home/runner/work/micro-stacks/micro-stacks/src/react/api/utils.ts": {"lines":{"total":106,"covered":79,"skipped":0,"pct":74.53},"functions":{"total":38,"covered":29,"skipped":0,"pct":76.32},"statements":{"total":115,"covered":85,"skipped":0,"pct":73.91},"branches":{"total":37,"covered":7,"skipped":0,"pct":18.92}}
,"/home/runner/work/micro-stacks/micro-stacks/src/react/api/blocks/fetchers.ts": {"lines":{"total":16,"covered":16,"skipped":0,"pct":100},"functions":{"total":5,"covered":5,"skipped":0,"pct":100},"statements":{"total":16,"covered":16,"skipped":0,"pct":100},"branches":{"total":0,"covered":0,"skipped":0,"pct":100}}
,"/home/runner/work/micro-stacks/micro-stacks/src/react/api/bns/fetchers.ts": {"lines":{"total":37,"covered":37,"skipped":0,"pct":100},"functions":{"total":12,"covered":12,"skipped":0,"pct":100},"statements":{"total":37,"covered":37,"skipped":0,"pct":100},"branches":{"total":0,"covered":0,"skipped":0,"pct":100}}
,"/home/runner/work/micro-stacks/micro-stacks/src/react/api/burnchain/fetchers.ts": {"lines":{"total":16,"covered":16,"skipped":0,"pct":100},"functions":{"total":5,"covered":5,"skipped":0,"pct":100},"statements":{"total":16,"covered":16,"skipped":0,"pct":100},"branches":{"total":0,"covered":0,"skipped":0,"pct":100}}
,"/home/runner/work/micro-stacks/micro-stacks/src/react/api/faucets/fetchers.ts": {"lines":{"total":9,"covered":9,"skipped":0,"pct":100},"functions":{"total":2,"covered":2,"skipped":0,"pct":100},"statements":{"total":9,"covered":9,"skipped":0,"pct":100},"branches":{"total":1,"covered":1,"skipped":0,"pct":100}}
,"/home/runner/work/micro-stacks/micro-stacks/src/react/api/feerate/fetchers.ts": {"lines":{"total":5,"covered":5,"skipped":0,"pct":100},"functions":{"total":1,"covered":1,"skipped":0,"pct":100},"statements":{"total":5,"covered":5,"skipped":0,"pct":100},"branches":{"total":0,"covered":0,"skipped":0,"pct":100}}
,"/home/runner/work/micro-stacks/micro-stacks/src/react/api/fees/fetchers.ts": {"lines":{"total":4,"covered":4,"skipped":0,"pct":100},"functions":{"total":1,"covered":1,"skipped":0,"pct":100},"statements":{"total":4,"covered":4,"skipped":0,"pct":100},"branches":{"total":0,"covered":0,"skipped":0,"pct":100}}
,"/home/runner/work/micro-stacks/micro-stacks/src/react/api/info/fetchers.ts": {"lines":{"total":28,"covered":28,"skipped":0,"pct":100},"functions":{"total":9,"covered":9,"skipped":0,"pct":100},"statements":{"total":28,"covered":28,"skipped":0,"pct":100},"branches":{"total":0,"covered":0,"skipped":0,"pct":100}}
,"/home/runner/work/micro-stacks/micro-stacks/src/react/api/microblocks/fetchers.ts": {"lines":{"total":10,"covered":10,"skipped":0,"pct":100},"functions":{"total":3,"covered":3,"skipped":0,"pct":100},"statements":{"total":10,"covered":10,"skipped":0,"pct":100},"branches":{"total":0,"covered":0,"skipped":0,"pct":100}}
,"/home/runner/work/micro-stacks/micro-stacks/src/react/api/search/fetchers.ts": {"lines":{"total":4,"covered":4,"skipped":0,"pct":100},"functions":{"total":1,"covered":1,"skipped":0,"pct":100},"statements":{"total":4,"covered":4,"skipped":0,"pct":100},"branches":{"total":0,"covered":0,"skipped":0,"pct":100}}
,"/home/runner/work/micro-stacks/micro-stacks/src/react/api/smartcontracts/fetchers.ts": {"lines":{"total":23,"covered":22,"skipped":0,"pct":95.65},"functions":{"total":7,"covered":6,"skipped":0,"pct":85.71},"statements":{"total":23,"covered":22,"skipped":0,"pct":95.65},"branches":{"total":0,"covered":0,"skipped":0,"pct":100}}
,"/home/runner/work/micro-stacks/micro-stacks/src/react/api/tokens/fetchers.ts": {"lines":{"total":13,"covered":13,"skipped":0,"pct":100},"functions":{"total":4,"covered":4,"skipped":0,"pct":100},"statements":{"total":13,"covered":13,"skipped":0,"pct":100},"branches":{"total":0,"covered":0,"skipped":0,"pct":100}}
,"/home/runner/work/micro-stacks/micro-stacks/src/storage/lookup-profile.ts": {"lines":{"total":12,"covered":11,"skipped":0,"pct":91.67},"functions":{"total":1,"covered":1,"skipped":0,"pct":100},"statements":{"total":13,"covered":11,"skipped":0,"pct":84.62},"branches":{"total":7,"covered":4,"skipped":0,"pct":57.14}}
,"/home/runner/work/micro-stacks/micro-stacks/src/storage/put-file.ts": {"lines":{"total":62,"covered":36,"skipped":0,"pct":58.06},"functions":{"total":3,"covered":2,"skipped":0,"pct":66.67},"statements":{"total":62,"covered":36,"skipped":0,"pct":58.06},"branches":{"total":35,"covered":22,"skipped":0,"pct":62.86}}
,"/home/runner/work/micro-stacks/micro-stacks/src/storage/common/constants.ts": {"lines":{"total":2,"covered":2,"skipped":0,"pct":100},"functions":{"total":0,"covered":0,"skipped":0,"pct":100},"statements":{"total":4,"covered":4,"skipped":0,"pct":100},"branches":{"total":0,"covered":0,"skipped":0,"pct":100}}
,"/home/runner/work/micro-stacks/micro-stacks/src/storage/common/file-content-loader.ts": {"lines":{"total":65,"covered":41,"skipped":0,"pct":63.08},"functions":{"total":9,"covered":8,"skipped":0,"pct":88.89},"statements":{"total":66,"covered":42,"skipped":0,"pct":63.64},"branches":{"total":54,"covered":35,"skipped":0,"pct":64.81}}
,"/home/runner/work/micro-stacks/micro-stacks/src/storage/common/index.ts": {"lines":{"total":23,"covered":12,"skipped":0,"pct":52.17},"functions":{"total":2,"covered":2,"skipped":0,"pct":100},"statements":{"total":23,"covered":12,"skipped":0,"pct":52.17},"branches":{"total":18,"covered":6,"skipped":0,"pct":33.33}}
,"/home/runner/work/micro-stacks/micro-stacks/src/storage/delete/delete-file.ts": {"lines":{"total":7,"covered":7,"skipped":0,"pct":100},"functions":{"total":1,"covered":1,"skipped":0,"pct":100},"statements":{"total":8,"covered":8,"skipped":0,"pct":100},"branches":{"total":2,"covered":2,"skipped":0,"pct":100}}
,"/home/runner/work/micro-stacks/micro-stacks/src/storage/delete/delete-from-gaia-hub.ts": {"lines":{"total":6,"covered":6,"skipped":0,"pct":100},"functions":{"total":1,"covered":1,"skipped":0,"pct":100},"statements":{"total":6,"covered":6,"skipped":0,"pct":100},"branches":{"total":2,"covered":2,"skipped":0,"pct":100}}
,"/home/runner/work/micro-stacks/micro-stacks/src/storage/gaia/config.ts": {"lines":{"total":21,"covered":20,"skipped":0,"pct":95.24},"functions":{"total":4,"covered":2,"skipped":0,"pct":50},"statements":{"total":21,"covered":20,"skipped":0,"pct":95.24},"branches":{"total":2,"covered":1,"skipped":0,"pct":50}}
,"/home/runner/work/micro-stacks/micro-stacks/src/storage/gaia/errors.ts": {"lines":{"total":111,"covered":54,"skipped":0,"pct":48.65},"functions":{"total":24,"covered":6,"skipped":0,"pct":25},"statements":{"total":119,"covered":58,"skipped":0,"pct":48.74},"branches":{"total":48,"covered":10,"skipped":0,"pct":20.83}}
,"/home/runner/work/micro-stacks/micro-stacks/src/storage/gaia/hub.ts": {"lines":{"total":12,"covered":5,"skipped":0,"pct":41.67},"functions":{"total":2,"covered":1,"skipped":0,"pct":50},"statements":{"total":12,"covered":5,"skipped":0,"pct":41.67},"branches":{"total":3,"covered":0,"skipped":0,"pct":0}}
,"/home/runner/work/micro-stacks/micro-stacks/src/storage/get-file/get-file.ts": {"lines":{"total":29,"covered":24,"skipped":0,"pct":82.76},"functions":{"total":1,"covered":1,"skipped":0,"pct":100},"statements":{"total":33,"covered":27,"skipped":0,"pct":81.82},"branches":{"total":34,"covered":27,"skipped":0,"pct":79.41}}
,"/home/runner/work/micro-stacks/micro-stacks/src/storage/get-file/getters.ts": {"lines":{"total":79,"covered":40,"skipped":0,"pct":50.63},"functions":{"total":5,"covered":4,"skipped":0,"pct":80},"statements":{"total":80,"covered":40,"skipped":0,"pct":50},"branches":{"total":50,"covered":16,"skipped":0,"pct":32}}
,"/home/runner/work/micro-stacks/micro-stacks/src/storage/get-file/sign.ts": {"lines":{"total":34,"covered":25,"skipped":0,"pct":73.53},"functions":{"total":1,"covered":1,"skipped":0,"pct":100},"statements":{"total":35,"covered":25,"skipped":0,"pct":71.43},"branches":{"total":23,"covered":12,"skipped":0,"pct":52.17}}
,"/home/runner/work/micro-stacks/micro-stacks/src/storage/get-file/zone-file-to-profile.ts": {"lines":{"total":20,"covered":16,"skipped":0,"pct":80},"functions":{"total":1,"covered":1,"skipped":0,"pct":100},"statements":{"total":22,"covered":16,"skipped":0,"pct":72.73},"branches":{"total":8,"covered":5,"skipped":0,"pct":62.5}}
,"/home/runner/work/micro-stacks/micro-stacks/src/storage/profile/tokens.ts": {"lines":{"total":37,"covered":26,"skipped":0,"pct":70.27},"functions":{"total":2,"covered":2,"skipped":0,"pct":100},"statements":{"total":39,"covered":27,"skipped":0,"pct":69.23},"branches":{"total":37,"covered":21,"skipped":0,"pct":56.76}}
,"/home/runner/work/micro-stacks/micro-stacks/src/storage/profile/schemas/index.ts": {"lines":{"total":1,"covered":0,"skipped":0,"pct":0},"functions":{"total":0,"covered":0,"skipped":0,"pct":100},"statements":{"total":1,"covered":0,"skipped":0,"pct":0},"branches":{"total":0,"covered":0,"skipped":0,"pct":100}}
,"/home/runner/work/micro-stacks/micro-stacks/src/storage/profile/schemas/personLegacy.ts": {"lines":{"total":38,"covered":1,"skipped":0,"pct":2.63},"functions":{"total":2,"covered":0,"skipped":0,"pct":0},"statements":{"total":38,"covered":1,"skipped":0,"pct":2.63},"branches":{"total":56,"covered":0,"skipped":0,"pct":0}}
,"/home/runner/work/micro-stacks/micro-stacks/src/transactions/authorization.ts": {"lines":{"total":198,"covered":175,"skipped":0,"pct":88.38},"functions":{"total":40,"covered":36,"skipped":0,"pct":90},"statements":{"total":203,"covered":180,"skipped":0,"pct":88.67},"branches":{"total":59,"covered":46,"skipped":0,"pct":77.97}}
,"/home/runner/work/micro-stacks/micro-stacks/src/transactions/builders.ts": {"lines":{"total":283,"covered":206,"skipped":0,"pct":72.79},"functions":{"total":27,"covered":23,"skipped":0,"pct":85.19},"statements":{"total":286,"covered":209,"skipped":0,"pct":73.08},"branches":{"total":123,"covered":86,"skipped":0,"pct":69.92}}
,"/home/runner/work/micro-stacks/micro-stacks/src/transactions/contract-abi.ts": {"lines":{"total":176,"covered":134,"skipped":0,"pct":76.14},"functions":{"total":19,"covered":18,"skipped":0,"pct":94.74},"statements":{"total":189,"covered":145,"skipped":0,"pct":76.72},"branches":{"total":149,"covered":105,"skipped":0,"pct":70.47}}
,"/home/runner/work/micro-stacks/micro-stacks/src/transactions/index.ts": {"lines":{"total":12,"covered":6,"skipped":0,"pct":50},"functions":{"total":0,"covered":0,"skipped":0,"pct":100},"statements":{"total":13,"covered":6,"skipped":0,"pct":46.15},"branches":{"total":0,"covered":0,"skipped":0,"pct":100}}
,"/home/runner/work/micro-stacks/micro-stacks/src/transactions/keys.ts": {"lines":{"total":83,"covered":73,"skipped":0,"pct":87.95},"functions":{"total":17,"covered":16,"skipped":0,"pct":94.12},"statements":{"total":86,"covered":76,"skipped":0,"pct":88.37},"branches":{"total":29,"covered":20,"skipped":0,"pct":68.97}}
,"/home/runner/work/micro-stacks/micro-stacks/src/transactions/payload.ts": {"lines":{"total":74,"covered":69,"skipped":0,"pct":93.24},"functions":{"total":10,"covered":8,"skipped":0,"pct":80},"statements":{"total":80,"covered":75,"skipped":0,"pct":93.75},"branches":{"total":31,"covered":27,"skipped":0,"pct":87.1}}
,"/home/runner/work/micro-stacks/micro-stacks/src/transactions/postcondition.ts": {"lines":{"total":45,"covered":41,"skipped":0,"pct":91.11},"functions":{"total":6,"covered":5,"skipped":0,"pct":83.33},"statements":{"total":50,"covered":43,"skipped":0,"pct":86},"branches":{"total":23,"covered":20,"skipped":0,"pct":86.96}}
,"/home/runner/work/micro-stacks/micro-stacks/src/transactions/signer.ts": {"lines":{"total":49,"covered":36,"skipped":0,"pct":73.47},"functions":{"total":7,"covered":5,"skipped":0,"pct":71.43},"statements":{"total":49,"covered":36,"skipped":0,"pct":73.47},"branches":{"total":28,"covered":18,"skipped":0,"pct":64.29}}
,"/home/runner/work/micro-stacks/micro-stacks/src/transactions/transaction.ts": {"lines":{"total":102,"covered":84,"skipped":0,"pct":82.35},"functions":{"total":18,"covered":15,"skipped":0,"pct":83.33},"statements":{"total":104,"covered":86,"skipped":0,"pct":82.69},"branches":{"total":63,"covered":46,"skipped":0,"pct":73.02}}
,"/home/runner/work/micro-stacks/micro-stacks/src/transactions/types.ts": {"lines":{"total":145,"covered":116,"skipped":0,"pct":80},"functions":{"total":24,"covered":23,"skipped":0,"pct":95.83},"statements":{"total":148,"covered":118,"skipped":0,"pct":79.73},"branches":{"total":68,"covered":49,"skipped":0,"pct":72.06}}
,"/home/runner/work/micro-stacks/micro-stacks/src/transactions/common/constants.ts": {"lines":{"total":15,"covered":15,"skipped":0,"pct":100},"functions":{"total":11,"covered":11,"skipped":0,"pct":100},"statements":{"total":55,"covered":55,"skipped":0,"pct":100},"branches":{"total":11,"covered":11,"skipped":0,"pct":100}}
,"/home/runner/work/micro-stacks/micro-stacks/src/transactions/common/test-utils.ts": {"lines":{"total":6,"covered":6,"skipped":0,"pct":100},"functions":{"total":1,"covered":1,"skipped":0,"pct":100},"statements":{"total":6,"covered":6,"skipped":0,"pct":100},"branches":{"total":0,"covered":0,"skipped":0,"pct":100}}
,"/home/runner/work/micro-stacks/micro-stacks/src/transactions/common/utils.ts": {"lines":{"total":16,"covered":15,"skipped":0,"pct":93.75},"functions":{"total":5,"covered":5,"skipped":0,"pct":100},"statements":{"total":21,"covered":20,"skipped":0,"pct":95.24},"branches":{"total":4,"covered":2,"skipped":0,"pct":50}}
,"/home/runner/work/micro-stacks/micro-stacks/src/wallet-sdk/constants.ts": {"lines":{"total":5,"covered":5,"skipped":0,"pct":100},"functions":{"total":0,"covered":0,"skipped":0,"pct":100},"statements":{"total":10,"covered":10,"skipped":0,"pct":100},"branches":{"total":0,"covered":0,"skipped":0,"pct":100}}
,"/home/runner/work/micro-stacks/micro-stacks/src/wallet-sdk/utils.ts": {"lines":{"total":2,"covered":2,"skipped":0,"pct":100},"functions":{"total":1,"covered":1,"skipped":0,"pct":100},"statements":{"total":2,"covered":2,"skipped":0,"pct":100},"branches":{"total":4,"covered":1,"skipped":0,"pct":25}}
,"/home/runner/work/micro-stacks/micro-stacks/src/wallet-sdk/account/derive-account.ts": {"lines":{"total":16,"covered":16,"skipped":0,"pct":100},"functions":{"total":2,"covered":2,"skipped":0,"pct":100},"statements":{"total":18,"covered":16,"skipped":0,"pct":88.89},"branches":{"total":6,"covered":3,"skipped":0,"pct":50}}
,"/home/runner/work/micro-stacks/micro-stacks/src/wallet-sdk/account/get-app-private-key.ts": {"lines":{"total":24,"covered":18,"skipped":0,"pct":75},"functions":{"total":3,"covered":3,"skipped":0,"pct":100},"statements":{"total":28,"covered":20,"skipped":0,"pct":71.43},"branches":{"total":9,"covered":3,"skipped":0,"pct":33.33}}
,"/home/runner/work/micro-stacks/micro-stacks/src/wallet-sdk/account/get-gaia-address.ts": {"lines":{"total":5,"covered":5,"skipped":0,"pct":100},"functions":{"total":1,"covered":1,"skipped":0,"pct":100},"statements":{"total":5,"covered":5,"skipped":0,"pct":100},"branches":{"total":0,"covered":0,"skipped":0,"pct":100}}
,"/home/runner/work/micro-stacks/micro-stacks/src/wallet-sdk/account/get-stx-address-from-account.ts": {"lines":{"total":4,"covered":4,"skipped":0,"pct":100},"functions":{"total":1,"covered":1,"skipped":0,"pct":100},"statements":{"total":4,"covered":4,"skipped":0,"pct":100},"branches":{"total":1,"covered":1,"skipped":0,"pct":100}}
,"/home/runner/work/micro-stacks/micro-stacks/src/wallet-sdk/encryption/decrypt-mnemonic.ts": {"lines":{"total":31,"covered":26,"skipped":0,"pct":83.87},"functions":{"total":1,"covered":1,"skipped":0,"pct":100},"statements":{"total":31,"covered":26,"skipped":0,"pct":83.87},"branches":{"total":6,"covered":4,"skipped":0,"pct":66.67}}
,"/home/runner/work/micro-stacks/micro-stacks/src/wallet-sdk/encryption/encrypt-mnemonic.ts": {"lines":{"total":19,"covered":19,"skipped":0,"pct":100},"functions":{"total":1,"covered":1,"skipped":0,"pct":100},"statements":{"total":20,"covered":20,"skipped":0,"pct":100},"branches":{"total":3,"covered":3,"skipped":0,"pct":100}}
,"/home/runner/work/micro-stacks/micro-stacks/src/wallet-sdk/wallet/derive.ts": {"lines":{"total":19,"covered":18,"skipped":0,"pct":94.74},"functions":{"total":4,"covered":4,"skipped":0,"pct":100},"statements":{"total":24,"covered":21,"skipped":0,"pct":87.5},"branches":{"total":6,"covered":3,"skipped":0,"pct":50}}
,"/home/runner/work/micro-stacks/micro-stacks/src/wallet-sdk/wallet/generate.ts": {"lines":{"total":14,"covered":13,"skipped":0,"pct":92.86},"functions":{"total":3,"covered":3,"skipped":0,"pct":100},"statements":{"total":14,"covered":13,"skipped":0,"pct":92.86},"branches":{"total":5,"covered":4,"skipped":0,"pct":80}}
,"/home/runner/work/micro-stacks/micro-stacks/src/zone-file/make-zonefile.ts": {"lines":{"total":129,"covered":77,"skipped":0,"pct":59.69},"functions":{"total":17,"covered":16,"skipped":0,"pct":94.12},"statements":{"total":139,"covered":77,"skipped":0,"pct":55.4},"branches":{"total":82,"covered":17,"skipped":0,"pct":20.73}}
,"/home/runner/work/micro-stacks/micro-stacks/src/zone-file/parse-zonefile.ts": {"lines":{"total":143,"covered":42,"skipped":0,"pct":29.37},"functions":{"total":17,"covered":5,"skipped":0,"pct":29.41},"statements":{"total":155,"covered":42,"skipped":0,"pct":27.1},"branches":{"total":88,"covered":22,"skipped":0,"pct":25}}
,"/home/runner/work/micro-stacks/micro-stacks/src/zone-file/template.ts": {"lines":{"total":1,"covered":1,"skipped":0,"pct":100},"functions":{"total":0,"covered":0,"skipped":0,"pct":100},"statements":{"total":1,"covered":1,"skipped":0,"pct":100},"branches":{"total":0,"covered":0,"skipped":0,"pct":100}}
,"/home/runner/work/micro-stacks/micro-stacks/tests/mocks/get-file.mocks.ts": {"lines":{"total":14,"covered":13,"skipped":0,"pct":92.86},"functions":{"total":6,"covered":5,"skipped":0,"pct":83.33},"statements":{"total":16,"covered":15,"skipped":0,"pct":93.75},"branches":{"total":0,"covered":0,"skipped":0,"pct":100}}
,"/home/runner/work/micro-stacks/micro-stacks/tests/mocks/sample-addresses.ts": {"lines":{"total":4,"covered":4,"skipped":0,"pct":100},"functions":{"total":0,"covered":0,"skipped":0,"pct":100},"statements":{"total":4,"covered":4,"skipped":0,"pct":100},"branches":{"total":0,"covered":0,"skipped":0,"pct":100}}
}
